[2022-09-28 19:23:04.886] [main] [trace] [File Watcher (node.js)] Request to start watching: /root/reactive/andariegos/andariegos/~/.vscode-root/User (excludes: <none>, includes: <all>),/root/reactive/andariegos/andariegos/~/.vscode-root/User/settings.json (excludes: <none>, includes: <all>)
[2022-09-28 19:23:04.887] [main] [debug] Starting VS Code
[2022-09-28 19:23:04.887] [main] [debug] from: /snap/code/108/usr/share/code/resources/app
[2022-09-28 19:23:04.887] [main] [debug] args: {"_":[],"diff":false,"merge":false,"add":false,"goto":false,"new-window":false,"reuse-window":false,"wait":false,"user-data-dir":"~/.vscode-root","help":false,"list-extensions":false,"show-versions":false,"pre-release":false,"version":false,"verbose":true,"status":false,"prof-startup":false,"no-cached-data":false,"prof-v8-extensions":false,"disable-extensions":false,"disable-gpu":false,"ms-enable-electron-run-as-node":false,"telemetry":false,"debugRenderer":false,"enable-smoke-test-driver":false,"logExtensionHostCommunication":false,"skip-release-notes":false,"skip-welcome":false,"disable-telemetry":false,"disable-updates":false,"disable-keytar":false,"disable-workspace-trust":false,"disable-crash-reporter":false,"crash-reporter-id":"22c767b2-3dd2-4a47-a342-ceefe056b8c0","skip-add-to-recently-opened":false,"unity-launch":false,"open-url":false,"file-write":false,"file-chmod":false,"force":false,"do-not-sync":false,"trace":false,"force-user-env":false,"force-disable-user-env":false,"open-devtools":false,"__enable-file-policy":false,"no-proxy-server":false,"no-sandbox":false,"nolazy":false,"force-renderer-accessibility":false,"ignore-certificate-errors":false,"allow-insecure-localhost":false,"disable-dev-shm-usage":false,"profile-temp":false,"logsPath":"/root/reactive/andariegos/andariegos/~/.vscode-root/logs/20220928T192304"}
[2022-09-28 19:23:04.887] [main] [trace] Resolving machine identifier...
[2022-09-28 19:23:04.887] [main] [trace] Resolved machine identifier: f93c93a7c23dcbca31c389ba70a47e8b87bd31ab6d2dd96ca26880545e413119
[2022-09-28 19:23:04.887] [main] [trace] Main->SharedProcess#connect
[2022-09-28 19:23:04.891] [main] [trace] [File Watcher (node.js)] Started watching: '/root/reactive/andariegos/andariegos/~/.vscode-root/User'
[2022-09-28 19:23:04.892] [main] [trace] [File Watcher (node.js)] Error: ENOENT: no such file or directory, stat '/root/reactive/andariegos/andariegos/~/.vscode-root/User/settings.json'
[2022-09-28 19:23:05.160] [main] [trace] StorageMainService: creating application storage
[2022-09-28 19:23:05.168] [main] [info] update#setState idle
[2022-09-28 19:23:05.176] [main] [trace] lifecycle (main): phase changed (value: 2)
[2022-09-28 19:23:05.179] [main] [trace] windowsManager#open
[2022-09-28 19:23:05.184] [main] [trace] windowsManager#open pathsToOpen [{"workspace":{"id":"546e92292cdfc6ec2ae82e7563c55502","uri":{"$mid":1,"fsPath":"/root/reactive/andariegos/andariegos","path":"/root/reactive/andariegos/andariegos","scheme":"file"}},"type":2,"exists":true}]
[2022-09-28 19:23:05.188] [main] [trace] windowsManager#doOpenFolderOrWorkspace {"folderOrWorkspace":{"workspace":{"id":"546e92292cdfc6ec2ae82e7563c55502","uri":{"$mid":1,"fsPath":"/root/reactive/andariegos/andariegos","external":"file:///root/reactive/andariegos/andariegos","path":"/root/reactive/andariegos/andariegos","scheme":"file"}},"type":2,"exists":true}}
[2022-09-28 19:23:05.191] [main] [trace] IPC Object URL: Registered new channel vscode:ae30a9db-34c8-47f7-9d2d-52994e014f61.
[2022-09-28 19:23:05.193] [main] [trace] window#validateWindowState: validating window state on 1 display(s) {"mode":1,"x":205,"y":237,"width":1024,"height":481}
[2022-09-28 19:23:05.194] [main] [trace] window#validateWindowState: 1 monitor working area {"x":0,"y":27,"width":1366,"height":691}
[2022-09-28 19:23:05.194] [main] [trace] window#ctor: using window state {"mode":1,"x":205,"y":237,"width":1024,"height":481}
[2022-09-28 19:23:05.286] [main] [trace] window#load: attempt to load window (id: 1)
[2022-09-28 19:23:05.296] [main] [trace] StorageMainService: creating workspace storage (546e92292cdfc6ec2ae82e7563c55502)
[2022-09-28 19:23:05.297] [main] [trace] windowsManager#open used window count 1 (workspacesToOpen: 0, foldersToOpen: 1, emptyToRestore: 0, emptyToOpen: 0)
[2022-09-28 19:23:05.297] [main] [trace] lifecycle (main): phase changed (value: 3)
[2022-09-28 19:23:05.298] [main] [trace] resolveShellEnv(): skipped (VSCODE_CLI is set)
[2022-09-28 19:23:05.453] [main] [trace] resolveShellEnv(): skipped (VSCODE_CLI is set)
[2022-09-28 19:23:05.905] [main] [trace] [Disk FileSystemProvider]: atomic read operation started (/root/reactive/andariegos/andariegos/~/.vscode-root/User/settings.json)
[2022-09-28 19:23:05.905] [main] [trace] [Disk FileSystemProvider]: createResourceLock() - request to acquire resource lock (/root/reactive/andariegos/andariegos/~/.vscode-root/User/settings.json)
[2022-09-28 19:23:05.906] [main] [trace] [Disk FileSystemProvider]: createResourceLock() - new resource lock created (/root/reactive/andariegos/andariegos/~/.vscode-root/User/settings.json)
[2022-09-28 19:23:05.906] [main] [trace] [Disk FileSystemProvider]: createResourceLock() - resource lock dispose() (/root/reactive/andariegos/andariegos/~/.vscode-root/User/settings.json)
[2022-09-28 19:23:05.906] [main] [trace] [Disk FileSystemProvider]: createResourceLock() - resource lock removed from resource-lock map (/root/reactive/andariegos/andariegos/~/.vscode-root/User/settings.json)
[2022-09-28 19:23:05.907] [main] [trace] [Disk FileSystemProvider]: createResourceLock() - resource lock barrier open() (/root/reactive/andariegos/andariegos/~/.vscode-root/User/settings.json)
[2022-09-28 19:23:06.374] [main] [trace] [Disk FileSystemProvider]: atomic read operation started (/root/reactive/andariegos/andariegos/~/.vscode-root/User/keybindings.json)
[2022-09-28 19:23:06.374] [main] [trace] [Disk FileSystemProvider]: createResourceLock() - request to acquire resource lock (/root/reactive/andariegos/andariegos/~/.vscode-root/User/keybindings.json)
[2022-09-28 19:23:06.374] [main] [trace] [Disk FileSystemProvider]: createResourceLock() - new resource lock created (/root/reactive/andariegos/andariegos/~/.vscode-root/User/keybindings.json)
[2022-09-28 19:23:06.375] [main] [trace] [Disk FileSystemProvider]: createResourceLock() - resource lock dispose() (/root/reactive/andariegos/andariegos/~/.vscode-root/User/keybindings.json)
[2022-09-28 19:23:06.375] [main] [trace] [Disk FileSystemProvider]: createResourceLock() - resource lock removed from resource-lock map (/root/reactive/andariegos/andariegos/~/.vscode-root/User/keybindings.json)
[2022-09-28 19:23:06.375] [main] [trace] [Disk FileSystemProvider]: createResourceLock() - resource lock barrier open() (/root/reactive/andariegos/andariegos/~/.vscode-root/User/keybindings.json)
[2022-09-28 19:23:06.445] [main] [info] Starting extension host with pid 11071 (fork() took 7 ms).
[2022-09-28 19:23:06.925] [main] [trace] [Disk FileSystemProvider]: createResourceLock() - request to acquire resource lock (/root/reactive/andariegos/andariegos/~/.vscode-root/logs/20220928T192304/output_1_20220928T192306/tasks.log)
[2022-09-28 19:23:06.925] [main] [trace] [Disk FileSystemProvider]: createResourceLock() - new resource lock created (/root/reactive/andariegos/andariegos/~/.vscode-root/logs/20220928T192304/output_1_20220928T192306/tasks.log)
[2022-09-28 19:23:06.926] [main] [trace] [Disk FileSystemProvider]: createResourceLock() - request to acquire resource lock (/root/reactive/andariegos/andariegos/~/.vscode-root/logs/20220928T192304/output_1_20220928T192306/extensions.log)
[2022-09-28 19:23:06.926] [main] [trace] [Disk FileSystemProvider]: createResourceLock() - new resource lock created (/root/reactive/andariegos/andariegos/~/.vscode-root/logs/20220928T192304/output_1_20220928T192306/extensions.log)
[2022-09-28 19:23:06.926] [main] [trace] [Disk FileSystemProvider]: open() - storing lock for handle 92 (/root/reactive/andariegos/andariegos/~/.vscode-root/logs/20220928T192304/output_1_20220928T192306/tasks.log)
[2022-09-28 19:23:06.926] [main] [trace] [Disk FileSystemProvider]: open() - storing lock for handle 93 (/root/reactive/andariegos/andariegos/~/.vscode-root/logs/20220928T192304/output_1_20220928T192306/extensions.log)
[2022-09-28 19:23:06.981] [main] [trace] [Disk FileSystemProvider]: close() - resource lock removed from handle-lock map 93
[2022-09-28 19:23:06.981] [main] [trace] [Disk FileSystemProvider]: close() - disposing lock for handle 93
[2022-09-28 19:23:06.981] [main] [trace] [Disk FileSystemProvider]: createResourceLock() - resource lock dispose() (/root/reactive/andariegos/andariegos/~/.vscode-root/logs/20220928T192304/output_1_20220928T192306/extensions.log)
[2022-09-28 19:23:06.981] [main] [trace] [Disk FileSystemProvider]: createResourceLock() - resource lock removed from resource-lock map (/root/reactive/andariegos/andariegos/~/.vscode-root/logs/20220928T192304/output_1_20220928T192306/extensions.log)
[2022-09-28 19:23:06.981] [main] [trace] [Disk FileSystemProvider]: createResourceLock() - resource lock barrier open() (/root/reactive/andariegos/andariegos/~/.vscode-root/logs/20220928T192304/output_1_20220928T192306/extensions.log)
[2022-09-28 19:23:06.981] [main] [trace] [Disk FileSystemProvider]: close() - resource lock removed from handle-lock map 92
[2022-09-28 19:23:06.981] [main] [trace] [Disk FileSystemProvider]: close() - disposing lock for handle 92
[2022-09-28 19:23:06.981] [main] [trace] [Disk FileSystemProvider]: createResourceLock() - resource lock dispose() (/root/reactive/andariegos/andariegos/~/.vscode-root/logs/20220928T192304/output_1_20220928T192306/tasks.log)
[2022-09-28 19:23:06.981] [main] [trace] [Disk FileSystemProvider]: createResourceLock() - resource lock removed from resource-lock map (/root/reactive/andariegos/andariegos/~/.vscode-root/logs/20220928T192304/output_1_20220928T192306/tasks.log)
[2022-09-28 19:23:06.982] [main] [trace] [Disk FileSystemProvider]: createResourceLock() - resource lock barrier open() (/root/reactive/andariegos/andariegos/~/.vscode-root/logs/20220928T192304/output_1_20220928T192306/tasks.log)
[2022-09-28 19:23:07.883] [main] [trace] SharedProcess: on vscode:createSharedProcessMessageChannel
[2022-09-28 19:23:07.884] [main] [trace] IPC Object URL: Registered new channel vscode:bf8fe6d9-e1bf-4527-9bf9-ff1e8c506357.
[2022-09-28 19:23:08.038] [main] [trace] resolveShellEnv(): skipped (VSCODE_CLI is set)
[2022-09-28 19:23:08.164] [main] [trace] SharedProcess: IPC ready
[2022-09-28 19:23:08.182] [main] [trace] Main->SharedProcess#connect: connection established
[2022-09-28 19:23:08.189] [main] [trace] [Disk FileSystemProvider]: atomic read operation started (/root/reactive/andariegos/andariegos/~/.vscode-root/User/settings.json)
[2022-09-28 19:23:08.189] [main] [trace] [Disk FileSystemProvider]: createResourceLock() - request to acquire resource lock (/root/reactive/andariegos/andariegos/~/.vscode-root/User/settings.json)
[2022-09-28 19:23:08.189] [main] [trace] [Disk FileSystemProvider]: createResourceLock() - new resource lock created (/root/reactive/andariegos/andariegos/~/.vscode-root/User/settings.json)
[2022-09-28 19:23:08.190] [main] [trace] [File Watcher (node.js)] Request to start watching: /root/reactive/andariegos/andariegos/~/.vscode-root/User (excludes: <none>, includes: <all>),/root/reactive/andariegos/andariegos/~/.vscode-root/User/settings.json (excludes: <none>, includes: <all>)
[2022-09-28 19:23:08.190] [main] [trace] [Disk FileSystemProvider]: createResourceLock() - resource lock dispose() (/root/reactive/andariegos/andariegos/~/.vscode-root/User/settings.json)
[2022-09-28 19:23:08.190] [main] [trace] [Disk FileSystemProvider]: createResourceLock() - resource lock removed from resource-lock map (/root/reactive/andariegos/andariegos/~/.vscode-root/User/settings.json)
[2022-09-28 19:23:08.190] [main] [trace] [Disk FileSystemProvider]: createResourceLock() - resource lock barrier open() (/root/reactive/andariegos/andariegos/~/.vscode-root/User/settings.json)
[2022-09-28 19:23:08.192] [main] [trace] [File Watcher (node.js)] Started watching: '/root/reactive/andariegos/andariegos/~/.vscode-root/User'
[2022-09-28 19:23:08.192] [main] [trace] [File Watcher (node.js)] Error: ENOENT: no such file or directory, stat '/root/reactive/andariegos/andariegos/~/.vscode-root/User/settings.json'
[2022-09-28 19:23:08.228] [main] [trace] SharedProcess: Overall ready
[2022-09-28 19:23:08.639] [main] [trace] SharedProcess: onWorkerConnection {"process":{"moduleId":"vs/platform/files/node/watcher/watcherMain","type":"fileWatcher"},"reply":{"windowId":1,"channel":"vscode:createSharedProcessWorkerMessageChannelResult","nonce":"27aa3e9e-d72d-4910-969e-f8ea847d53c4"}}
[2022-09-28 19:23:10.925] [main] [trace] [Disk FileSystemProvider]: atomic read operation started (/root/reactive/andariegos/andariegos/~/.vscode-root/User/settings.json)
[2022-09-28 19:23:10.925] [main] [trace] [Disk FileSystemProvider]: createResourceLock() - request to acquire resource lock (/root/reactive/andariegos/andariegos/~/.vscode-root/User/settings.json)
[2022-09-28 19:23:10.925] [main] [trace] [Disk FileSystemProvider]: createResourceLock() - new resource lock created (/root/reactive/andariegos/andariegos/~/.vscode-root/User/settings.json)
[2022-09-28 19:23:10.927] [main] [trace] [Disk FileSystemProvider]: atomic read operation started (/root/reactive/andariegos/andariegos/~/.vscode-root/User/tasks.json)
[2022-09-28 19:23:10.927] [main] [trace] [Disk FileSystemProvider]: createResourceLock() - request to acquire resource lock (/root/reactive/andariegos/andariegos/~/.vscode-root/User/tasks.json)
[2022-09-28 19:23:10.928] [main] [trace] [Disk FileSystemProvider]: createResourceLock() - new resource lock created (/root/reactive/andariegos/andariegos/~/.vscode-root/User/tasks.json)
[2022-09-28 19:23:10.931] [main] [trace] [Disk FileSystemProvider]: createResourceLock() - resource lock dispose() (/root/reactive/andariegos/andariegos/~/.vscode-root/User/settings.json)
[2022-09-28 19:23:10.931] [main] [trace] [Disk FileSystemProvider]: createResourceLock() - resource lock removed from resource-lock map (/root/reactive/andariegos/andariegos/~/.vscode-root/User/settings.json)
[2022-09-28 19:23:10.931] [main] [trace] [Disk FileSystemProvider]: createResourceLock() - resource lock barrier open() (/root/reactive/andariegos/andariegos/~/.vscode-root/User/settings.json)
[2022-09-28 19:23:10.933] [main] [trace] [Disk FileSystemProvider]: createResourceLock() - resource lock dispose() (/root/reactive/andariegos/andariegos/~/.vscode-root/User/tasks.json)
[2022-09-28 19:23:10.933] [main] [trace] [Disk FileSystemProvider]: createResourceLock() - resource lock removed from resource-lock map (/root/reactive/andariegos/andariegos/~/.vscode-root/User/tasks.json)
[2022-09-28 19:23:10.933] [main] [trace] [Disk FileSystemProvider]: createResourceLock() - resource lock barrier open() (/root/reactive/andariegos/andariegos/~/.vscode-root/User/tasks.json)
[2022-09-28 19:23:27.305] [main] [trace] Lifecycle#window.on('close') - window ID 1
[2022-09-28 19:23:27.307] [main] [trace] Lifecycle#onBeforeCloseWindow.fire() - window ID 1
[2022-09-28 19:23:27.316] [main] [trace] IPC Object URL: Removed channel vscode:ae30a9db-34c8-47f7-9d2d-52994e014f61.
[2022-09-28 19:23:27.316] [main] [trace] Lifecycle#window.on('closed') - window ID 1
[2022-09-28 19:23:27.317] [main] [trace] Lifecycle#onWillShutdown.fire()
[2022-09-28 19:23:27.322] [main] [trace] IPC Object URL: Removed channel vscode:bf8fe6d9-e1bf-4527-9bf9-ff1e8c506357.
[2022-09-28 19:23:27.323] [main] [trace] storageMainService#onWillShutdown()
[2022-09-28 19:23:27.325] [main] [info] Waiting for extension host with pid 11071 to exit.
[2022-09-28 19:23:27.326] [main] [trace] SharedProcess: disposing worker (reason: 'closed') {"process":{"moduleId":"vs/platform/files/node/watcher/watcherMain","type":"fileWatcher"},"reply":{"windowId":1,"channel":"vscode:createSharedProcessWorkerMessageChannelResult","nonce":"27aa3e9e-d72d-4910-969e-f8ea847d53c4"}}
[2022-09-28 19:23:27.336] [main] [trace] [File Watcher (node.js)] Request to stop watching: /root/reactive/andariegos/andariegos/~/.vscode-root/User,/root/reactive/andariegos/andariegos/~/.vscode-root/User/settings.json
[2022-09-28 19:23:27.337] [main] [trace] [File Watcher (node.js)] stopping file watcher on /root/reactive/andariegos/andariegos/~/.vscode-root/User
[2022-09-28 19:23:27.338] [main] [trace] [File Watcher (node.js)] stopping file watcher on /root/reactive/andariegos/andariegos/~/.vscode-root/User/settings.json
[2022-09-28 19:23:27.356] [main] [trace] StorageMainService: closed application storage
[2022-09-28 19:23:27.358] [main] [trace] StorageMainService: closed workspace storage (546e92292cdfc6ec2ae82e7563c55502)
[2022-09-28 19:23:27.365] [main] [trace] Lifecycle#app.on(window-all-closed)
[2022-09-28 19:23:27.365] [main] [trace] Lifecycle#app.on(before-quit)
[2022-09-28 19:23:27.365] [main] [trace] Lifecycle#onBeforeShutdown.fire()
[2022-09-28 19:23:27.367] [main] [trace] [WindowsStateHandler] onBeforeShutdown {"lastActiveWindow":{"folder":"file:///root/reactive/andariegos/andariegos","backupPath":"/root/reactive/andariegos/andariegos/~/.vscode-root/Backups/cc340f480c753cfd2a178f6d6e6a541c","uiState":{"mode":1,"x":207,"y":160,"width":1024,"height":481}},"openedWindows":[]}
[2022-09-28 19:23:27.368] [main] [trace] Lifecycle#app.on(will-quit)
[2022-09-28 19:23:27.398] [main] [info] Extension host with pid 11071 exited with code: 0, signal: null.
[2022-09-28 19:23:27.401] [main] [trace] [Disk FileSystemProvider]: createResourceLock() - request to acquire resource lock (/root/reactive/andariegos/andariegos/~/.vscode-root/User/globalStorage/storage.json)
[2022-09-28 19:23:27.401] [main] [trace] [Disk FileSystemProvider]: createResourceLock() - new resource lock created (/root/reactive/andariegos/andariegos/~/.vscode-root/User/globalStorage/storage.json)
[2022-09-28 19:23:27.401] [main] [trace] [Disk FileSystemProvider]: open() - storing lock for handle 85 (/root/reactive/andariegos/andariegos/~/.vscode-root/User/globalStorage/storage.json)
[2022-09-28 19:23:27.554] [main] [trace] [Disk FileSystemProvider]: close() - resource lock removed from handle-lock map 85
[2022-09-28 19:23:27.555] [main] [trace] [Disk FileSystemProvider]: close() - disposing lock for handle 85
[2022-09-28 19:23:27.555] [main] [trace] [Disk FileSystemProvider]: createResourceLock() - resource lock dispose() (/root/reactive/andariegos/andariegos/~/.vscode-root/User/globalStorage/storage.json)
[2022-09-28 19:23:27.555] [main] [trace] [Disk FileSystemProvider]: createResourceLock() - resource lock removed from resource-lock map (/root/reactive/andariegos/andariegos/~/.vscode-root/User/globalStorage/storage.json)
[2022-09-28 19:23:27.555] [main] [trace] [Disk FileSystemProvider]: createResourceLock() - resource lock barrier open() (/root/reactive/andariegos/andariegos/~/.vscode-root/User/globalStorage/storage.json)
