[2022-09-29 00:18:11.105] [main] [trace] [File Watcher (node.js)] Request to start watching: /root/reactive/andariegos/andariegos/User (excludes: <none>, includes: <all>),/root/reactive/andariegos/andariegos/User/settings.json (excludes: <none>, includes: <all>)
[2022-09-29 00:18:11.105] [main] [debug] Starting VS Code
[2022-09-29 00:18:11.105] [main] [debug] from: /usr/share/code/resources/app
[2022-09-29 00:18:11.105] [main] [debug] args: {"_":["/root/reactive/andariegos/andariegos"],"diff":false,"merge":false,"add":false,"goto":false,"new-window":false,"reuse-window":false,"wait":false,"user-data-dir":".","help":false,"list-extensions":false,"show-versions":false,"pre-release":false,"version":false,"verbose":true,"status":false,"prof-startup":false,"no-cached-data":false,"prof-v8-extensions":false,"disable-extensions":false,"disable-gpu":false,"ms-enable-electron-run-as-node":false,"telemetry":false,"debugRenderer":false,"enable-smoke-test-driver":false,"logExtensionHostCommunication":false,"skip-release-notes":false,"skip-welcome":false,"disable-telemetry":false,"disable-updates":false,"disable-keytar":false,"disable-workspace-trust":false,"disable-crash-reporter":false,"crash-reporter-id":"22c767b2-3dd2-4a47-a342-ceefe056b8c0","skip-add-to-recently-opened":false,"unity-launch":false,"open-url":false,"file-write":false,"file-chmod":false,"force":false,"do-not-sync":false,"trace":false,"force-user-env":false,"force-disable-user-env":false,"open-devtools":false,"__enable-file-policy":false,"no-proxy-server":false,"no-sandbox":false,"nolazy":false,"force-renderer-accessibility":false,"ignore-certificate-errors":false,"allow-insecure-localhost":false,"disable-dev-shm-usage":false,"profile-temp":false,"logsPath":"/root/reactive/andariegos/andariegos/logs/20220929T001811"}
[2022-09-29 00:18:11.105] [main] [trace] Resolving machine identifier...
[2022-09-29 00:18:11.105] [main] [trace] Resolved machine identifier: f93c93a7c23dcbca31c389ba70a47e8b87bd31ab6d2dd96ca26880545e413119
[2022-09-29 00:18:11.105] [main] [trace] Main->SharedProcess#connect
[2022-09-29 00:18:11.106] [main] [trace] [File Watcher (node.js)] Started watching: '/root/reactive/andariegos/andariegos/User'
[2022-09-29 00:18:11.107] [main] [trace] [File Watcher (node.js)] Error: ENOENT: no such file or directory, stat '/root/reactive/andariegos/andariegos/User/settings.json'
[2022-09-29 00:18:11.346] [main] [trace] StorageMainService: creating application storage
[2022-09-29 00:18:11.359] [main] [trace] lifecycle (main): phase changed (value: 2)
[2022-09-29 00:18:11.362] [main] [trace] windowsManager#open
[2022-09-29 00:18:11.365] [main] [trace] windowsManager#open pathsToOpen [{"workspace":{"id":"546e92292cdfc6ec2ae82e7563c55502","uri":{"$mid":1,"fsPath":"/root/reactive/andariegos/andariegos","path":"/root/reactive/andariegos/andariegos","scheme":"file"}},"type":2,"exists":true}]
[2022-09-29 00:18:11.368] [main] [trace] windowsManager#doOpenFolderOrWorkspace {"folderOrWorkspace":{"workspace":{"id":"546e92292cdfc6ec2ae82e7563c55502","uri":{"$mid":1,"fsPath":"/root/reactive/andariegos/andariegos","external":"file:///root/reactive/andariegos/andariegos","path":"/root/reactive/andariegos/andariegos","scheme":"file"}},"type":2,"exists":true}}
[2022-09-29 00:18:11.370] [main] [trace] IPC Object URL: Registered new channel vscode:9fdee770-24b4-42b0-b442-2083bbf5e09f.
[2022-09-29 00:18:11.371] [main] [trace] window#validateWindowState: validating window state on 1 display(s) {"mode":1,"x":171,"y":64,"width":1024,"height":654}
[2022-09-29 00:18:11.372] [main] [trace] window#validateWindowState: 1 monitor working area {"x":0,"y":27,"width":1366,"height":691}
[2022-09-29 00:18:11.373] [main] [trace] window#ctor: using window state {"mode":1,"x":171,"y":64,"width":1024,"height":654}
[2022-09-29 00:18:11.537] [main] [trace] window#load: attempt to load window (id: 1)
[2022-09-29 00:18:11.551] [main] [trace] StorageMainService: creating workspace storage (546e92292cdfc6ec2ae82e7563c55502)
[2022-09-29 00:18:11.551] [main] [trace] windowsManager#open used window count 1 (workspacesToOpen: 0, foldersToOpen: 1, emptyToRestore: 0, emptyToOpen: 0)
[2022-09-29 00:18:11.551] [main] [trace] lifecycle (main): phase changed (value: 3)
[2022-09-29 00:18:11.552] [main] [info] update#setState idle
[2022-09-29 00:18:11.553] [main] [trace] resolveShellEnv(): skipped (VSCODE_CLI is set)
[2022-09-29 00:18:11.719] [main] [trace] resolveShellEnv(): skipped (VSCODE_CLI is set)
[2022-09-29 00:18:12.185] [main] [trace] [Disk FileSystemProvider]: atomic read operation started (/root/reactive/andariegos/andariegos/User/settings.json)
[2022-09-29 00:18:12.185] [main] [trace] [Disk FileSystemProvider]: createResourceLock() - request to acquire resource lock (/root/reactive/andariegos/andariegos/User/settings.json)
[2022-09-29 00:18:12.185] [main] [trace] [Disk FileSystemProvider]: createResourceLock() - new resource lock created (/root/reactive/andariegos/andariegos/User/settings.json)
[2022-09-29 00:18:12.186] [main] [trace] [Disk FileSystemProvider]: createResourceLock() - resource lock dispose() (/root/reactive/andariegos/andariegos/User/settings.json)
[2022-09-29 00:18:12.186] [main] [trace] [Disk FileSystemProvider]: createResourceLock() - resource lock removed from resource-lock map (/root/reactive/andariegos/andariegos/User/settings.json)
[2022-09-29 00:18:12.186] [main] [trace] [Disk FileSystemProvider]: createResourceLock() - resource lock barrier open() (/root/reactive/andariegos/andariegos/User/settings.json)
[2022-09-29 00:18:12.298] [main] [trace] [Disk FileSystemProvider]: atomic read operation started (/root/reactive/andariegos/andariegos/User/keybindings.json)
[2022-09-29 00:18:12.299] [main] [trace] [Disk FileSystemProvider]: createResourceLock() - request to acquire resource lock (/root/reactive/andariegos/andariegos/User/keybindings.json)
[2022-09-29 00:18:12.299] [main] [trace] [Disk FileSystemProvider]: createResourceLock() - new resource lock created (/root/reactive/andariegos/andariegos/User/keybindings.json)
[2022-09-29 00:18:12.300] [main] [trace] [Disk FileSystemProvider]: createResourceLock() - resource lock dispose() (/root/reactive/andariegos/andariegos/User/keybindings.json)
[2022-09-29 00:18:12.300] [main] [trace] [Disk FileSystemProvider]: createResourceLock() - resource lock removed from resource-lock map (/root/reactive/andariegos/andariegos/User/keybindings.json)
[2022-09-29 00:18:12.300] [main] [trace] [Disk FileSystemProvider]: createResourceLock() - resource lock barrier open() (/root/reactive/andariegos/andariegos/User/keybindings.json)
[2022-09-29 00:18:12.370] [main] [info] Starting extension host with pid 10341 (fork() took 7 ms).
[2022-09-29 00:18:12.862] [main] [trace] [Disk FileSystemProvider]: createResourceLock() - request to acquire resource lock (/root/reactive/andariegos/andariegos/logs/20220929T001811/output_1_20220929T001812/tasks.log)
[2022-09-29 00:18:12.862] [main] [trace] [Disk FileSystemProvider]: createResourceLock() - new resource lock created (/root/reactive/andariegos/andariegos/logs/20220929T001811/output_1_20220929T001812/tasks.log)
[2022-09-29 00:18:12.863] [main] [trace] [Disk FileSystemProvider]: createResourceLock() - request to acquire resource lock (/root/reactive/andariegos/andariegos/logs/20220929T001811/output_1_20220929T001812/extensions.log)
[2022-09-29 00:18:12.863] [main] [trace] [Disk FileSystemProvider]: createResourceLock() - new resource lock created (/root/reactive/andariegos/andariegos/logs/20220929T001811/output_1_20220929T001812/extensions.log)
[2022-09-29 00:18:12.863] [main] [trace] [Disk FileSystemProvider]: open() - storing lock for handle 92 (/root/reactive/andariegos/andariegos/logs/20220929T001811/output_1_20220929T001812/tasks.log)
[2022-09-29 00:18:12.864] [main] [trace] [Disk FileSystemProvider]: open() - storing lock for handle 93 (/root/reactive/andariegos/andariegos/logs/20220929T001811/output_1_20220929T001812/extensions.log)
[2022-09-29 00:18:13.013] [main] [trace] [Disk FileSystemProvider]: close() - resource lock removed from handle-lock map 92
[2022-09-29 00:18:13.014] [main] [trace] [Disk FileSystemProvider]: close() - disposing lock for handle 92
[2022-09-29 00:18:13.014] [main] [trace] [Disk FileSystemProvider]: createResourceLock() - resource lock dispose() (/root/reactive/andariegos/andariegos/logs/20220929T001811/output_1_20220929T001812/tasks.log)
[2022-09-29 00:18:13.014] [main] [trace] [Disk FileSystemProvider]: createResourceLock() - resource lock removed from resource-lock map (/root/reactive/andariegos/andariegos/logs/20220929T001811/output_1_20220929T001812/tasks.log)
[2022-09-29 00:18:13.014] [main] [trace] [Disk FileSystemProvider]: createResourceLock() - resource lock barrier open() (/root/reactive/andariegos/andariegos/logs/20220929T001811/output_1_20220929T001812/tasks.log)
[2022-09-29 00:18:13.015] [main] [trace] [Disk FileSystemProvider]: close() - resource lock removed from handle-lock map 93
[2022-09-29 00:18:13.015] [main] [trace] [Disk FileSystemProvider]: close() - disposing lock for handle 93
[2022-09-29 00:18:13.015] [main] [trace] [Disk FileSystemProvider]: createResourceLock() - resource lock dispose() (/root/reactive/andariegos/andariegos/logs/20220929T001811/output_1_20220929T001812/extensions.log)
[2022-09-29 00:18:13.015] [main] [trace] [Disk FileSystemProvider]: createResourceLock() - resource lock removed from resource-lock map (/root/reactive/andariegos/andariegos/logs/20220929T001811/output_1_20220929T001812/extensions.log)
[2022-09-29 00:18:13.016] [main] [trace] [Disk FileSystemProvider]: createResourceLock() - resource lock barrier open() (/root/reactive/andariegos/andariegos/logs/20220929T001811/output_1_20220929T001812/extensions.log)
[2022-09-29 00:18:14.169] [main] [trace] SharedProcess: on vscode:createSharedProcessMessageChannel
[2022-09-29 00:18:14.169] [main] [trace] IPC Object URL: Registered new channel vscode:dae13345-7601-46c6-a274-30146e5942ba.
[2022-09-29 00:18:14.396] [main] [trace] resolveShellEnv(): skipped (VSCODE_CLI is set)
[2022-09-29 00:18:14.547] [main] [trace] SharedProcess: IPC ready
[2022-09-29 00:18:14.565] [main] [trace] Main->SharedProcess#connect: connection established
[2022-09-29 00:18:14.574] [main] [trace] [File Watcher (node.js)] Request to start watching: /root/reactive/andariegos/andariegos/User (excludes: <none>, includes: <all>)
[2022-09-29 00:18:14.575] [main] [trace] [Disk FileSystemProvider]: atomic read operation started (/root/reactive/andariegos/andariegos/User/settings.json)
[2022-09-29 00:18:14.575] [main] [trace] [Disk FileSystemProvider]: createResourceLock() - request to acquire resource lock (/root/reactive/andariegos/andariegos/User/settings.json)
[2022-09-29 00:18:14.575] [main] [trace] [Disk FileSystemProvider]: createResourceLock() - new resource lock created (/root/reactive/andariegos/andariegos/User/settings.json)
[2022-09-29 00:18:14.576] [main] [trace] [File Watcher (node.js)] Request to start watching: /root/reactive/andariegos/andariegos/User/settings.json (excludes: <none>, includes: <all>)
[2022-09-29 00:18:14.577] [main] [trace] [Disk FileSystemProvider]: createResourceLock() - resource lock dispose() (/root/reactive/andariegos/andariegos/User/settings.json)
[2022-09-29 00:18:14.577] [main] [trace] [Disk FileSystemProvider]: createResourceLock() - resource lock removed from resource-lock map (/root/reactive/andariegos/andariegos/User/settings.json)
[2022-09-29 00:18:14.577] [main] [trace] [Disk FileSystemProvider]: createResourceLock() - resource lock barrier open() (/root/reactive/andariegos/andariegos/User/settings.json)
[2022-09-29 00:18:14.582] [main] [trace] [File Watcher (node.js)] Started watching: '/root/reactive/andariegos/andariegos/User'
[2022-09-29 00:18:14.582] [main] [trace] [File Watcher (node.js)] Error: ENOENT: no such file or directory, stat '/root/reactive/andariegos/andariegos/User/settings.json'
[2022-09-29 00:18:14.627] [main] [trace] SharedProcess: Overall ready
[2022-09-29 00:18:14.759] [main] [trace] Lifecycle#window.on('close') - window ID 1
[2022-09-29 00:18:14.759] [main] [trace] Lifecycle#onBeforeCloseWindow.fire() - window ID 1
[2022-09-29 00:18:14.762] [main] [trace] IPC Object URL: Removed channel vscode:9fdee770-24b4-42b0-b442-2083bbf5e09f.
[2022-09-29 00:18:14.762] [main] [trace] Lifecycle#window.on('closed') - window ID 1
[2022-09-29 00:18:14.762] [main] [trace] Lifecycle#onWillShutdown.fire()
[2022-09-29 00:18:14.765] [main] [trace] IPC Object URL: Removed channel vscode:dae13345-7601-46c6-a274-30146e5942ba.
[2022-09-29 00:18:14.765] [main] [trace] storageMainService#onWillShutdown()
[2022-09-29 00:18:14.768] [main] [info] Waiting for extension host with pid 10341 to exit.
[2022-09-29 00:18:14.773] [main] [trace] [File Watcher (node.js)] Request to stop watching: /root/reactive/andariegos/andariegos/User,/root/reactive/andariegos/andariegos/User/settings.json
[2022-09-29 00:18:14.773] [main] [trace] [File Watcher (node.js)] stopping file watcher on /root/reactive/andariegos/andariegos/User
[2022-09-29 00:18:14.773] [main] [trace] [File Watcher (node.js)] stopping file watcher on /root/reactive/andariegos/andariegos/User/settings.json
[2022-09-29 00:18:14.779] [main] [trace] Lifecycle#app.on(window-all-closed)
[2022-09-29 00:18:14.780] [main] [trace] Lifecycle#app.on(before-quit)
[2022-09-29 00:18:14.780] [main] [trace] Lifecycle#onBeforeShutdown.fire()
[2022-09-29 00:18:14.781] [main] [trace] [WindowsStateHandler] onBeforeShutdown {"lastActiveWindow":{"folder":"file:///root/reactive/andariegos/andariegos","backupPath":"/root/reactive/andariegos/andariegos/Backups/cc340f480c753cfd2a178f6d6e6a541c","uiState":{"mode":1,"x":171,"y":64,"width":1024,"height":654}},"openedWindows":[]}
[2022-09-29 00:18:14.781] [main] [trace] Lifecycle#app.on(will-quit)
[2022-09-29 00:18:14.787] [main] [trace] StorageMainService: closed workspace storage (546e92292cdfc6ec2ae82e7563c55502)
[2022-09-29 00:18:14.787] [main] [trace] StorageMainService: closed application storage
[2022-09-29 00:18:14.807] [main] [info] Extension host with pid 10341 exited with code: 0, signal: null.
