[2022-09-28 23:22:44.495] [main] [trace] [File Watcher (node.js)] Request to start watching: /root/reactive/andariegos/andariegos/~/.vscode-root/User (excludes: <none>, includes: <all>),/root/reactive/andariegos/andariegos/~/.vscode-root/User/settings.json (excludes: <none>, includes: <all>)
[2022-09-28 23:22:44.495] [main] [debug] Starting VS Code
[2022-09-28 23:22:44.495] [main] [debug] from: /usr/share/code/resources/app
[2022-09-28 23:22:44.495] [main] [debug] args: {"_":[],"diff":false,"merge":false,"add":false,"goto":false,"new-window":false,"reuse-window":false,"wait":false,"user-data-dir":"~/.vscode-root","help":false,"list-extensions":false,"show-versions":false,"pre-release":false,"version":false,"verbose":true,"status":false,"prof-startup":false,"no-cached-data":false,"prof-v8-extensions":false,"disable-extensions":false,"disable-gpu":false,"ms-enable-electron-run-as-node":false,"telemetry":false,"debugRenderer":false,"enable-smoke-test-driver":false,"logExtensionHostCommunication":false,"skip-release-notes":false,"skip-welcome":false,"disable-telemetry":false,"disable-updates":false,"disable-keytar":false,"disable-workspace-trust":false,"disable-crash-reporter":false,"crash-reporter-id":"22c767b2-3dd2-4a47-a342-ceefe056b8c0","skip-add-to-recently-opened":false,"unity-launch":false,"open-url":false,"file-write":false,"file-chmod":false,"force":false,"do-not-sync":false,"trace":false,"force-user-env":false,"force-disable-user-env":false,"open-devtools":false,"__enable-file-policy":false,"no-proxy-server":false,"no-sandbox":false,"nolazy":false,"force-renderer-accessibility":false,"ignore-certificate-errors":false,"allow-insecure-localhost":false,"disable-dev-shm-usage":false,"profile-temp":false,"logsPath":"/root/reactive/andariegos/andariegos/~/.vscode-root/logs/20220928T232244"}
[2022-09-28 23:22:44.495] [main] [trace] Resolving machine identifier...
[2022-09-28 23:22:44.495] [main] [trace] Resolved machine identifier: f93c93a7c23dcbca31c389ba70a47e8b87bd31ab6d2dd96ca26880545e413119
[2022-09-28 23:22:44.495] [main] [trace] Main->SharedProcess#connect
[2022-09-28 23:22:44.497] [main] [trace] [File Watcher (node.js)] Started watching: '/root/reactive/andariegos/andariegos/~/.vscode-root/User'
[2022-09-28 23:22:44.498] [main] [trace] [File Watcher (node.js)] Error: ENOENT: no such file or directory, stat '/root/reactive/andariegos/andariegos/~/.vscode-root/User/settings.json'
[2022-09-28 23:22:44.777] [main] [trace] StorageMainService: creating application storage
[2022-09-28 23:22:44.804] [main] [trace] lifecycle (main): phase changed (value: 2)
[2022-09-28 23:22:44.809] [main] [trace] windowsManager#open
[2022-09-28 23:22:44.814] [main] [trace] windowsManager#open pathsToOpen [{"workspace":{"id":"546e92292cdfc6ec2ae82e7563c55502","uri":{"$mid":1,"fsPath":"/root/reactive/andariegos/andariegos","path":"/root/reactive/andariegos/andariegos","scheme":"file"}},"type":2,"exists":true}]
[2022-09-28 23:22:44.818] [main] [trace] windowsManager#doOpenFolderOrWorkspace {"folderOrWorkspace":{"workspace":{"id":"546e92292cdfc6ec2ae82e7563c55502","uri":{"$mid":1,"fsPath":"/root/reactive/andariegos/andariegos","external":"file:///root/reactive/andariegos/andariegos","path":"/root/reactive/andariegos/andariegos","scheme":"file"}},"type":2,"exists":true}}
[2022-09-28 23:22:44.825] [main] [trace] IPC Object URL: Registered new channel vscode:fa67a811-09d4-48c6-a8a1-ec8067a4499e.
[2022-09-28 23:22:44.827] [main] [trace] window#validateWindowState: validating window state on 1 display(s) {"mode":1,"x":207,"y":160,"width":1024,"height":481}
[2022-09-28 23:22:44.828] [main] [trace] window#validateWindowState: 1 monitor working area {"x":0,"y":27,"width":1366,"height":691}
[2022-09-28 23:22:44.828] [main] [trace] window#ctor: using window state {"mode":1,"x":207,"y":160,"width":1024,"height":481}
[2022-09-28 23:22:44.909] [main] [trace] window#load: attempt to load window (id: 1)
[2022-09-28 23:22:44.925] [main] [trace] StorageMainService: creating workspace storage (546e92292cdfc6ec2ae82e7563c55502)
[2022-09-28 23:22:44.926] [main] [trace] windowsManager#open used window count 1 (workspacesToOpen: 0, foldersToOpen: 1, emptyToRestore: 0, emptyToOpen: 0)
[2022-09-28 23:22:44.926] [main] [trace] lifecycle (main): phase changed (value: 3)
[2022-09-28 23:22:44.928] [main] [info] update#setState idle
[2022-09-28 23:22:44.929] [main] [trace] resolveShellEnv(): skipped (VSCODE_CLI is set)
[2022-09-28 23:22:45.089] [main] [trace] resolveShellEnv(): skipped (VSCODE_CLI is set)
[2022-09-28 23:22:46.197] [main] [trace] [Disk FileSystemProvider]: atomic read operation started (/root/reactive/andariegos/andariegos/~/.vscode-root/User/settings.json)
[2022-09-28 23:22:46.198] [main] [trace] [Disk FileSystemProvider]: createResourceLock() - request to acquire resource lock (/root/reactive/andariegos/andariegos/~/.vscode-root/User/settings.json)
[2022-09-28 23:22:46.198] [main] [trace] [Disk FileSystemProvider]: createResourceLock() - new resource lock created (/root/reactive/andariegos/andariegos/~/.vscode-root/User/settings.json)
[2022-09-28 23:22:46.199] [main] [trace] [Disk FileSystemProvider]: createResourceLock() - resource lock dispose() (/root/reactive/andariegos/andariegos/~/.vscode-root/User/settings.json)
[2022-09-28 23:22:46.200] [main] [trace] [Disk FileSystemProvider]: createResourceLock() - resource lock removed from resource-lock map (/root/reactive/andariegos/andariegos/~/.vscode-root/User/settings.json)
[2022-09-28 23:22:46.200] [main] [trace] [Disk FileSystemProvider]: createResourceLock() - resource lock barrier open() (/root/reactive/andariegos/andariegos/~/.vscode-root/User/settings.json)
[2022-09-28 23:22:46.314] [main] [trace] [Disk FileSystemProvider]: atomic read operation started (/root/reactive/andariegos/andariegos/~/.vscode-root/User/keybindings.json)
[2022-09-28 23:22:46.314] [main] [trace] [Disk FileSystemProvider]: createResourceLock() - request to acquire resource lock (/root/reactive/andariegos/andariegos/~/.vscode-root/User/keybindings.json)
[2022-09-28 23:22:46.314] [main] [trace] [Disk FileSystemProvider]: createResourceLock() - new resource lock created (/root/reactive/andariegos/andariegos/~/.vscode-root/User/keybindings.json)
[2022-09-28 23:22:46.315] [main] [trace] [Disk FileSystemProvider]: createResourceLock() - resource lock dispose() (/root/reactive/andariegos/andariegos/~/.vscode-root/User/keybindings.json)
[2022-09-28 23:22:46.315] [main] [trace] [Disk FileSystemProvider]: createResourceLock() - resource lock removed from resource-lock map (/root/reactive/andariegos/andariegos/~/.vscode-root/User/keybindings.json)
[2022-09-28 23:22:46.315] [main] [trace] [Disk FileSystemProvider]: createResourceLock() - resource lock barrier open() (/root/reactive/andariegos/andariegos/~/.vscode-root/User/keybindings.json)
[2022-09-28 23:22:46.386] [main] [info] Starting extension host with pid 30187 (fork() took 8 ms).
[2022-09-28 23:22:46.836] [main] [trace] [Disk FileSystemProvider]: createResourceLock() - request to acquire resource lock (/root/reactive/andariegos/andariegos/~/.vscode-root/CachedExtensions/builtin)
[2022-09-28 23:22:46.836] [main] [trace] [Disk FileSystemProvider]: createResourceLock() - new resource lock created (/root/reactive/andariegos/andariegos/~/.vscode-root/CachedExtensions/builtin)
[2022-09-28 23:22:46.836] [main] [trace] [Disk FileSystemProvider]: open() - storing lock for handle 88 (/root/reactive/andariegos/andariegos/~/.vscode-root/CachedExtensions/builtin)
[2022-09-28 23:22:46.983] [main] [trace] [Disk FileSystemProvider]: close() - resource lock removed from handle-lock map 88
[2022-09-28 23:22:46.983] [main] [trace] [Disk FileSystemProvider]: close() - disposing lock for handle 88
[2022-09-28 23:22:46.983] [main] [trace] [Disk FileSystemProvider]: createResourceLock() - resource lock dispose() (/root/reactive/andariegos/andariegos/~/.vscode-root/CachedExtensions/builtin)
[2022-09-28 23:22:46.983] [main] [trace] [Disk FileSystemProvider]: createResourceLock() - resource lock removed from resource-lock map (/root/reactive/andariegos/andariegos/~/.vscode-root/CachedExtensions/builtin)
[2022-09-28 23:22:46.983] [main] [trace] [Disk FileSystemProvider]: createResourceLock() - resource lock barrier open() (/root/reactive/andariegos/andariegos/~/.vscode-root/CachedExtensions/builtin)
[2022-09-28 23:22:47.326] [main] [trace] [Disk FileSystemProvider]: createResourceLock() - request to acquire resource lock (/root/reactive/andariegos/andariegos/~/.vscode-root/logs/20220928T232244/output_1_20220928T232247/tasks.log)
[2022-09-28 23:22:47.326] [main] [trace] [Disk FileSystemProvider]: createResourceLock() - new resource lock created (/root/reactive/andariegos/andariegos/~/.vscode-root/logs/20220928T232244/output_1_20220928T232247/tasks.log)
[2022-09-28 23:22:47.327] [main] [trace] [Disk FileSystemProvider]: createResourceLock() - request to acquire resource lock (/root/reactive/andariegos/andariegos/~/.vscode-root/logs/20220928T232244/output_1_20220928T232247/extensions.log)
[2022-09-28 23:22:47.327] [main] [trace] [Disk FileSystemProvider]: createResourceLock() - new resource lock created (/root/reactive/andariegos/andariegos/~/.vscode-root/logs/20220928T232244/output_1_20220928T232247/extensions.log)
[2022-09-28 23:22:47.327] [main] [trace] [Disk FileSystemProvider]: open() - storing lock for handle 90 (/root/reactive/andariegos/andariegos/~/.vscode-root/logs/20220928T232244/output_1_20220928T232247/tasks.log)
[2022-09-28 23:22:47.327] [main] [trace] [Disk FileSystemProvider]: open() - storing lock for handle 94 (/root/reactive/andariegos/andariegos/~/.vscode-root/logs/20220928T232244/output_1_20220928T232247/extensions.log)
[2022-09-28 23:22:47.376] [main] [trace] [Disk FileSystemProvider]: close() - resource lock removed from handle-lock map 90
[2022-09-28 23:22:47.376] [main] [trace] [Disk FileSystemProvider]: close() - disposing lock for handle 90
[2022-09-28 23:22:47.376] [main] [trace] [Disk FileSystemProvider]: createResourceLock() - resource lock dispose() (/root/reactive/andariegos/andariegos/~/.vscode-root/logs/20220928T232244/output_1_20220928T232247/tasks.log)
[2022-09-28 23:22:47.377] [main] [trace] [Disk FileSystemProvider]: createResourceLock() - resource lock removed from resource-lock map (/root/reactive/andariegos/andariegos/~/.vscode-root/logs/20220928T232244/output_1_20220928T232247/tasks.log)
[2022-09-28 23:22:47.377] [main] [trace] [Disk FileSystemProvider]: createResourceLock() - resource lock barrier open() (/root/reactive/andariegos/andariegos/~/.vscode-root/logs/20220928T232244/output_1_20220928T232247/tasks.log)
[2022-09-28 23:22:47.377] [main] [trace] [Disk FileSystemProvider]: close() - resource lock removed from handle-lock map 94
[2022-09-28 23:22:47.377] [main] [trace] [Disk FileSystemProvider]: close() - disposing lock for handle 94
[2022-09-28 23:22:47.377] [main] [trace] [Disk FileSystemProvider]: createResourceLock() - resource lock dispose() (/root/reactive/andariegos/andariegos/~/.vscode-root/logs/20220928T232244/output_1_20220928T232247/extensions.log)
[2022-09-28 23:22:47.378] [main] [trace] [Disk FileSystemProvider]: createResourceLock() - resource lock removed from resource-lock map (/root/reactive/andariegos/andariegos/~/.vscode-root/logs/20220928T232244/output_1_20220928T232247/extensions.log)
[2022-09-28 23:22:47.378] [main] [trace] [Disk FileSystemProvider]: createResourceLock() - resource lock barrier open() (/root/reactive/andariegos/andariegos/~/.vscode-root/logs/20220928T232244/output_1_20220928T232247/extensions.log)
[2022-09-28 23:22:48.013] [main] [trace] SharedProcess: on vscode:createSharedProcessMessageChannel
[2022-09-28 23:22:48.014] [main] [trace] IPC Object URL: Registered new channel vscode:ccc08c7d-9396-406a-a048-700aa77b996f.
[2022-09-28 23:22:48.222] [main] [trace] resolveShellEnv(): skipped (VSCODE_CLI is set)
[2022-09-28 23:22:48.385] [main] [trace] SharedProcess: IPC ready
[2022-09-28 23:22:48.402] [main] [trace] Main->SharedProcess#connect: connection established
[2022-09-28 23:22:48.410] [main] [trace] [Disk FileSystemProvider]: atomic read operation started (/root/reactive/andariegos/andariegos/~/.vscode-root/User/settings.json)
[2022-09-28 23:22:48.410] [main] [trace] [Disk FileSystemProvider]: createResourceLock() - request to acquire resource lock (/root/reactive/andariegos/andariegos/~/.vscode-root/User/settings.json)
[2022-09-28 23:22:48.411] [main] [trace] [Disk FileSystemProvider]: createResourceLock() - new resource lock created (/root/reactive/andariegos/andariegos/~/.vscode-root/User/settings.json)
[2022-09-28 23:22:48.411] [main] [trace] [File Watcher (node.js)] Request to start watching: /root/reactive/andariegos/andariegos/~/.vscode-root/User (excludes: <none>, includes: <all>),/root/reactive/andariegos/andariegos/~/.vscode-root/User/settings.json (excludes: <none>, includes: <all>)
[2022-09-28 23:22:48.412] [main] [trace] [Disk FileSystemProvider]: createResourceLock() - resource lock dispose() (/root/reactive/andariegos/andariegos/~/.vscode-root/User/settings.json)
[2022-09-28 23:22:48.412] [main] [trace] [Disk FileSystemProvider]: createResourceLock() - resource lock removed from resource-lock map (/root/reactive/andariegos/andariegos/~/.vscode-root/User/settings.json)
[2022-09-28 23:22:48.412] [main] [trace] [Disk FileSystemProvider]: createResourceLock() - resource lock barrier open() (/root/reactive/andariegos/andariegos/~/.vscode-root/User/settings.json)
[2022-09-28 23:22:48.414] [main] [trace] [File Watcher (node.js)] Started watching: '/root/reactive/andariegos/andariegos/~/.vscode-root/User'
[2022-09-28 23:22:48.414] [main] [trace] [File Watcher (node.js)] Error: ENOENT: no such file or directory, stat '/root/reactive/andariegos/andariegos/~/.vscode-root/User/settings.json'
[2022-09-28 23:22:48.447] [main] [trace] SharedProcess: Overall ready
[2022-09-28 23:22:48.776] [main] [trace] SharedProcess: onWorkerConnection {"process":{"moduleId":"vs/platform/files/node/watcher/watcherMain","type":"fileWatcher"},"reply":{"windowId":1,"channel":"vscode:createSharedProcessWorkerMessageChannelResult","nonce":"67ccff66-93f0-4b07-8376-ae02e9f8dbf4"}}
[2022-09-28 23:22:51.217] [main] [trace] [Disk FileSystemProvider]: atomic read operation started (/root/reactive/andariegos/andariegos/~/.vscode-root/User/settings.json)
[2022-09-28 23:22:51.217] [main] [trace] [Disk FileSystemProvider]: createResourceLock() - request to acquire resource lock (/root/reactive/andariegos/andariegos/~/.vscode-root/User/settings.json)
[2022-09-28 23:22:51.217] [main] [trace] [Disk FileSystemProvider]: createResourceLock() - new resource lock created (/root/reactive/andariegos/andariegos/~/.vscode-root/User/settings.json)
[2022-09-28 23:22:51.217] [main] [trace] [Disk FileSystemProvider]: atomic read operation started (/root/reactive/andariegos/andariegos/~/.vscode-root/User/tasks.json)
[2022-09-28 23:22:51.217] [main] [trace] [Disk FileSystemProvider]: createResourceLock() - request to acquire resource lock (/root/reactive/andariegos/andariegos/~/.vscode-root/User/tasks.json)
[2022-09-28 23:22:51.217] [main] [trace] [Disk FileSystemProvider]: createResourceLock() - new resource lock created (/root/reactive/andariegos/andariegos/~/.vscode-root/User/tasks.json)
[2022-09-28 23:22:51.218] [main] [trace] [Disk FileSystemProvider]: createResourceLock() - resource lock dispose() (/root/reactive/andariegos/andariegos/~/.vscode-root/User/settings.json)
[2022-09-28 23:22:51.219] [main] [trace] [Disk FileSystemProvider]: createResourceLock() - resource lock removed from resource-lock map (/root/reactive/andariegos/andariegos/~/.vscode-root/User/settings.json)
[2022-09-28 23:22:51.219] [main] [trace] [Disk FileSystemProvider]: createResourceLock() - resource lock barrier open() (/root/reactive/andariegos/andariegos/~/.vscode-root/User/settings.json)
[2022-09-28 23:22:51.219] [main] [trace] [Disk FileSystemProvider]: createResourceLock() - resource lock dispose() (/root/reactive/andariegos/andariegos/~/.vscode-root/User/tasks.json)
[2022-09-28 23:22:51.219] [main] [trace] [Disk FileSystemProvider]: createResourceLock() - resource lock removed from resource-lock map (/root/reactive/andariegos/andariegos/~/.vscode-root/User/tasks.json)
[2022-09-28 23:22:51.219] [main] [trace] [Disk FileSystemProvider]: createResourceLock() - resource lock barrier open() (/root/reactive/andariegos/andariegos/~/.vscode-root/User/tasks.json)
[2022-09-28 23:23:01.462] [main] [trace] Lifecycle#window.on('close') - window ID 1
[2022-09-28 23:23:01.463] [main] [trace] Lifecycle#onBeforeCloseWindow.fire() - window ID 1
[2022-09-28 23:23:01.471] [main] [trace] IPC Object URL: Removed channel vscode:fa67a811-09d4-48c6-a8a1-ec8067a4499e.
[2022-09-28 23:23:01.472] [main] [trace] Lifecycle#window.on('closed') - window ID 1
[2022-09-28 23:23:01.472] [main] [trace] Lifecycle#onWillShutdown.fire()
[2022-09-28 23:23:01.477] [main] [trace] IPC Object URL: Removed channel vscode:ccc08c7d-9396-406a-a048-700aa77b996f.
[2022-09-28 23:23:01.479] [main] [trace] storageMainService#onWillShutdown()
[2022-09-28 23:23:01.480] [main] [info] Waiting for extension host with pid 30187 to exit.
[2022-09-28 23:23:01.482] [main] [trace] SharedProcess: disposing worker (reason: 'closed') {"process":{"moduleId":"vs/platform/files/node/watcher/watcherMain","type":"fileWatcher"},"reply":{"windowId":1,"channel":"vscode:createSharedProcessWorkerMessageChannelResult","nonce":"67ccff66-93f0-4b07-8376-ae02e9f8dbf4"}}
[2022-09-28 23:23:01.489] [main] [trace] [File Watcher (node.js)] Request to stop watching: /root/reactive/andariegos/andariegos/~/.vscode-root/User,/root/reactive/andariegos/andariegos/~/.vscode-root/User/settings.json
[2022-09-28 23:23:01.490] [main] [trace] [File Watcher (node.js)] stopping file watcher on /root/reactive/andariegos/andariegos/~/.vscode-root/User
[2022-09-28 23:23:01.496] [main] [trace] [File Watcher (node.js)] stopping file watcher on /root/reactive/andariegos/andariegos/~/.vscode-root/User/settings.json
[2022-09-28 23:23:01.517] [main] [trace] StorageMainService: closed application storage
[2022-09-28 23:23:01.525] [main] [trace] Lifecycle#app.on(window-all-closed)
[2022-09-28 23:23:01.525] [main] [trace] Lifecycle#app.on(before-quit)
[2022-09-28 23:23:01.526] [main] [trace] Lifecycle#onBeforeShutdown.fire()
[2022-09-28 23:23:01.530] [main] [trace] [WindowsStateHandler] onBeforeShutdown {"lastActiveWindow":{"folder":"file:///root/reactive/andariegos/andariegos","backupPath":"/root/reactive/andariegos/andariegos/~/.vscode-root/Backups/cc340f480c753cfd2a178f6d6e6a541c","uiState":{"mode":1,"x":207,"y":197,"width":1024,"height":481}},"openedWindows":[]}
[2022-09-28 23:23:01.530] [main] [trace] Lifecycle#app.on(will-quit)
[2022-09-28 23:23:01.561] [main] [trace] StorageMainService: closed workspace storage (546e92292cdfc6ec2ae82e7563c55502)
[2022-09-28 23:23:01.577] [main] [info] Extension host with pid 30187 exited with code: 0, signal: null.
[2022-09-28 23:23:01.581] [main] [trace] [Disk FileSystemProvider]: createResourceLock() - request to acquire resource lock (/root/reactive/andariegos/andariegos/~/.vscode-root/User/globalStorage/storage.json)
[2022-09-28 23:23:01.581] [main] [trace] [Disk FileSystemProvider]: createResourceLock() - new resource lock created (/root/reactive/andariegos/andariegos/~/.vscode-root/User/globalStorage/storage.json)
[2022-09-28 23:23:01.582] [main] [trace] [Disk FileSystemProvider]: open() - storing lock for handle 79 (/root/reactive/andariegos/andariegos/~/.vscode-root/User/globalStorage/storage.json)
[2022-09-28 23:23:01.717] [main] [trace] [Disk FileSystemProvider]: close() - resource lock removed from handle-lock map 79
[2022-09-28 23:23:01.717] [main] [trace] [Disk FileSystemProvider]: close() - disposing lock for handle 79
[2022-09-28 23:23:01.717] [main] [trace] [Disk FileSystemProvider]: createResourceLock() - resource lock dispose() (/root/reactive/andariegos/andariegos/~/.vscode-root/User/globalStorage/storage.json)
[2022-09-28 23:23:01.718] [main] [trace] [Disk FileSystemProvider]: createResourceLock() - resource lock removed from resource-lock map (/root/reactive/andariegos/andariegos/~/.vscode-root/User/globalStorage/storage.json)
[2022-09-28 23:23:01.718] [main] [trace] [Disk FileSystemProvider]: createResourceLock() - resource lock barrier open() (/root/reactive/andariegos/andariegos/~/.vscode-root/User/globalStorage/storage.json)
