[2022-09-28 19:06:14.648] [main] [trace] [File Watcher (node.js)] Request to start watching: /root/reactive/andariegos/andariegos/~/.vscode-root/User (excludes: <none>, includes: <all>),/root/reactive/andariegos/andariegos/~/.vscode-root/User/settings.json (excludes: <none>, includes: <all>)
[2022-09-28 19:06:14.649] [main] [debug] Starting VS Code
[2022-09-28 19:06:14.649] [main] [debug] from: /snap/code/108/usr/share/code/resources/app
[2022-09-28 19:06:14.649] [main] [debug] args: {"_":[],"diff":false,"merge":false,"add":false,"goto":false,"new-window":false,"reuse-window":false,"wait":false,"user-data-dir":"~/.vscode-root","help":false,"list-extensions":false,"show-versions":false,"pre-release":false,"version":false,"verbose":true,"status":false,"prof-startup":false,"no-cached-data":false,"prof-v8-extensions":false,"disable-extensions":false,"disable-gpu":false,"ms-enable-electron-run-as-node":false,"telemetry":false,"debugRenderer":false,"enable-smoke-test-driver":false,"logExtensionHostCommunication":false,"skip-release-notes":false,"skip-welcome":false,"disable-telemetry":false,"disable-updates":false,"disable-keytar":false,"disable-workspace-trust":false,"disable-crash-reporter":false,"crash-reporter-id":"22c767b2-3dd2-4a47-a342-ceefe056b8c0","skip-add-to-recently-opened":false,"unity-launch":false,"open-url":false,"file-write":false,"file-chmod":false,"force":false,"do-not-sync":false,"trace":false,"force-user-env":false,"force-disable-user-env":false,"open-devtools":false,"__enable-file-policy":false,"no-proxy-server":false,"no-sandbox":false,"nolazy":false,"force-renderer-accessibility":false,"ignore-certificate-errors":false,"allow-insecure-localhost":false,"disable-dev-shm-usage":false,"profile-temp":false,"logsPath":"/root/reactive/andariegos/andariegos/~/.vscode-root/logs/20220928T190614"}
[2022-09-28 19:06:14.649] [main] [trace] Resolving machine identifier...
[2022-09-28 19:06:14.649] [main] [trace] Resolved machine identifier: f93c93a7c23dcbca31c389ba70a47e8b87bd31ab6d2dd96ca26880545e413119
[2022-09-28 19:06:14.649] [main] [trace] Main->SharedProcess#connect
[2022-09-28 19:06:14.652] [main] [trace] [File Watcher (node.js)] Started watching: '/root/reactive/andariegos/andariegos/~/.vscode-root/User'
[2022-09-28 19:06:14.653] [main] [trace] [File Watcher (node.js)] Error: ENOENT: no such file or directory, stat '/root/reactive/andariegos/andariegos/~/.vscode-root/User/settings.json'
[2022-09-28 19:06:14.923] [main] [trace] StorageMainService: creating application storage
[2022-09-28 19:06:14.931] [main] [info] update#setState idle
[2022-09-28 19:06:14.939] [main] [trace] lifecycle (main): phase changed (value: 2)
[2022-09-28 19:06:14.942] [main] [trace] windowsManager#open
[2022-09-28 19:06:14.947] [main] [trace] windowsManager#open pathsToOpen [{"workspace":{"id":"546e92292cdfc6ec2ae82e7563c55502","uri":{"$mid":1,"fsPath":"/root/reactive/andariegos/andariegos","path":"/root/reactive/andariegos/andariegos","scheme":"file"}},"type":2,"exists":true}]
[2022-09-28 19:06:14.950] [main] [trace] windowsManager#doOpenFolderOrWorkspace {"folderOrWorkspace":{"workspace":{"id":"546e92292cdfc6ec2ae82e7563c55502","uri":{"$mid":1,"fsPath":"/root/reactive/andariegos/andariegos","external":"file:///root/reactive/andariegos/andariegos","path":"/root/reactive/andariegos/andariegos","scheme":"file"}},"type":2,"exists":true}}
[2022-09-28 19:06:14.953] [main] [trace] IPC Object URL: Registered new channel vscode:27ac8939-1075-47ba-9b81-7ba0c942fbdf.
[2022-09-28 19:06:14.954] [main] [trace] window#validateWindowState: validating window state on 1 display(s) {"mode":1,"x":205,"y":227,"width":1024,"height":481}
[2022-09-28 19:06:14.955] [main] [trace] window#validateWindowState: 1 monitor working area {"x":0,"y":27,"width":1366,"height":691}
[2022-09-28 19:06:14.955] [main] [trace] window#ctor: using window state {"mode":1,"x":205,"y":227,"width":1024,"height":481}
[2022-09-28 19:06:15.030] [main] [trace] window#load: attempt to load window (id: 1)
[2022-09-28 19:06:15.041] [main] [trace] StorageMainService: creating workspace storage (546e92292cdfc6ec2ae82e7563c55502)
[2022-09-28 19:06:15.042] [main] [trace] windowsManager#open used window count 1 (workspacesToOpen: 0, foldersToOpen: 1, emptyToRestore: 0, emptyToOpen: 0)
[2022-09-28 19:06:15.042] [main] [trace] lifecycle (main): phase changed (value: 3)
[2022-09-28 19:06:15.042] [main] [trace] resolveShellEnv(): skipped (VSCODE_CLI is set)
[2022-09-28 19:06:15.182] [main] [trace] resolveShellEnv(): skipped (VSCODE_CLI is set)
[2022-09-28 19:06:15.629] [main] [trace] [Disk FileSystemProvider]: atomic read operation started (/root/reactive/andariegos/andariegos/~/.vscode-root/User/settings.json)
[2022-09-28 19:06:15.630] [main] [trace] [Disk FileSystemProvider]: createResourceLock() - request to acquire resource lock (/root/reactive/andariegos/andariegos/~/.vscode-root/User/settings.json)
[2022-09-28 19:06:15.630] [main] [trace] [Disk FileSystemProvider]: createResourceLock() - new resource lock created (/root/reactive/andariegos/andariegos/~/.vscode-root/User/settings.json)
[2022-09-28 19:06:15.630] [main] [trace] [Disk FileSystemProvider]: createResourceLock() - resource lock dispose() (/root/reactive/andariegos/andariegos/~/.vscode-root/User/settings.json)
[2022-09-28 19:06:15.630] [main] [trace] [Disk FileSystemProvider]: createResourceLock() - resource lock removed from resource-lock map (/root/reactive/andariegos/andariegos/~/.vscode-root/User/settings.json)
[2022-09-28 19:06:15.631] [main] [trace] [Disk FileSystemProvider]: createResourceLock() - resource lock barrier open() (/root/reactive/andariegos/andariegos/~/.vscode-root/User/settings.json)
[2022-09-28 19:06:15.838] [main] [trace] [Disk FileSystemProvider]: atomic read operation started (/root/reactive/andariegos/andariegos/~/.vscode-root/User/keybindings.json)
[2022-09-28 19:06:15.838] [main] [trace] [Disk FileSystemProvider]: createResourceLock() - request to acquire resource lock (/root/reactive/andariegos/andariegos/~/.vscode-root/User/keybindings.json)
[2022-09-28 19:06:15.839] [main] [trace] [Disk FileSystemProvider]: createResourceLock() - new resource lock created (/root/reactive/andariegos/andariegos/~/.vscode-root/User/keybindings.json)
[2022-09-28 19:06:15.839] [main] [trace] [Disk FileSystemProvider]: createResourceLock() - resource lock dispose() (/root/reactive/andariegos/andariegos/~/.vscode-root/User/keybindings.json)
[2022-09-28 19:06:15.839] [main] [trace] [Disk FileSystemProvider]: createResourceLock() - resource lock removed from resource-lock map (/root/reactive/andariegos/andariegos/~/.vscode-root/User/keybindings.json)
[2022-09-28 19:06:15.839] [main] [trace] [Disk FileSystemProvider]: createResourceLock() - resource lock barrier open() (/root/reactive/andariegos/andariegos/~/.vscode-root/User/keybindings.json)
[2022-09-28 19:06:15.917] [main] [info] Starting extension host with pid 7236 (fork() took 6 ms).
[2022-09-28 19:06:16.400] [main] [trace] [Disk FileSystemProvider]: createResourceLock() - request to acquire resource lock (/root/reactive/andariegos/andariegos/~/.vscode-root/logs/20220928T190614/output_1_20220928T190616/tasks.log)
[2022-09-28 19:06:16.400] [main] [trace] [Disk FileSystemProvider]: createResourceLock() - new resource lock created (/root/reactive/andariegos/andariegos/~/.vscode-root/logs/20220928T190614/output_1_20220928T190616/tasks.log)
[2022-09-28 19:06:16.401] [main] [trace] [Disk FileSystemProvider]: createResourceLock() - request to acquire resource lock (/root/reactive/andariegos/andariegos/~/.vscode-root/logs/20220928T190614/output_1_20220928T190616/extensions.log)
[2022-09-28 19:06:16.401] [main] [trace] [Disk FileSystemProvider]: createResourceLock() - new resource lock created (/root/reactive/andariegos/andariegos/~/.vscode-root/logs/20220928T190614/output_1_20220928T190616/extensions.log)
[2022-09-28 19:06:16.401] [main] [trace] [Disk FileSystemProvider]: open() - storing lock for handle 87 (/root/reactive/andariegos/andariegos/~/.vscode-root/logs/20220928T190614/output_1_20220928T190616/tasks.log)
[2022-09-28 19:06:16.402] [main] [trace] [Disk FileSystemProvider]: open() - storing lock for handle 89 (/root/reactive/andariegos/andariegos/~/.vscode-root/logs/20220928T190614/output_1_20220928T190616/extensions.log)
[2022-09-28 19:06:16.515] [main] [trace] [Disk FileSystemProvider]: close() - resource lock removed from handle-lock map 87
[2022-09-28 19:06:16.515] [main] [trace] [Disk FileSystemProvider]: close() - disposing lock for handle 87
[2022-09-28 19:06:16.516] [main] [trace] [Disk FileSystemProvider]: createResourceLock() - resource lock dispose() (/root/reactive/andariegos/andariegos/~/.vscode-root/logs/20220928T190614/output_1_20220928T190616/tasks.log)
[2022-09-28 19:06:16.516] [main] [trace] [Disk FileSystemProvider]: createResourceLock() - resource lock removed from resource-lock map (/root/reactive/andariegos/andariegos/~/.vscode-root/logs/20220928T190614/output_1_20220928T190616/tasks.log)
[2022-09-28 19:06:16.516] [main] [trace] [Disk FileSystemProvider]: createResourceLock() - resource lock barrier open() (/root/reactive/andariegos/andariegos/~/.vscode-root/logs/20220928T190614/output_1_20220928T190616/tasks.log)
[2022-09-28 19:06:16.516] [main] [trace] [Disk FileSystemProvider]: close() - resource lock removed from handle-lock map 89
[2022-09-28 19:06:16.516] [main] [trace] [Disk FileSystemProvider]: close() - disposing lock for handle 89
[2022-09-28 19:06:16.517] [main] [trace] [Disk FileSystemProvider]: createResourceLock() - resource lock dispose() (/root/reactive/andariegos/andariegos/~/.vscode-root/logs/20220928T190614/output_1_20220928T190616/extensions.log)
[2022-09-28 19:06:16.517] [main] [trace] [Disk FileSystemProvider]: createResourceLock() - resource lock removed from resource-lock map (/root/reactive/andariegos/andariegos/~/.vscode-root/logs/20220928T190614/output_1_20220928T190616/extensions.log)
[2022-09-28 19:06:16.517] [main] [trace] [Disk FileSystemProvider]: createResourceLock() - resource lock barrier open() (/root/reactive/andariegos/andariegos/~/.vscode-root/logs/20220928T190614/output_1_20220928T190616/extensions.log)
[2022-09-28 19:06:17.607] [main] [trace] SharedProcess: on vscode:createSharedProcessMessageChannel
[2022-09-28 19:06:17.607] [main] [trace] IPC Object URL: Registered new channel vscode:5faeb9aa-75dd-445e-9de1-b3f2bde7baed.
[2022-09-28 19:06:17.726] [main] [trace] Lifecycle#window.on('close') - window ID 1
[2022-09-28 19:06:17.726] [main] [trace] Lifecycle#onBeforeCloseWindow.fire() - window ID 1
[2022-09-28 19:06:17.728] [main] [trace] IPC Object URL: Removed channel vscode:27ac8939-1075-47ba-9b81-7ba0c942fbdf.
[2022-09-28 19:06:17.728] [main] [trace] Lifecycle#window.on('closed') - window ID 1
[2022-09-28 19:06:17.729] [main] [trace] Lifecycle#onWillShutdown.fire()
[2022-09-28 19:06:17.730] [main] [trace] IPC Object URL: Removed channel vscode:5faeb9aa-75dd-445e-9de1-b3f2bde7baed.
[2022-09-28 19:06:17.731] [main] [trace] storageMainService#onWillShutdown()
[2022-09-28 19:06:17.731] [main] [info] Waiting for extension host with pid 7236 to exit.
[2022-09-28 19:06:17.734] [main] [trace] [File Watcher (node.js)] Request to stop watching: /root/reactive/andariegos/andariegos/~/.vscode-root/User,/root/reactive/andariegos/andariegos/~/.vscode-root/User/settings.json
[2022-09-28 19:06:17.735] [main] [trace] [File Watcher (node.js)] stopping file watcher on /root/reactive/andariegos/andariegos/~/.vscode-root/User
[2022-09-28 19:06:17.735] [main] [trace] [File Watcher (node.js)] stopping file watcher on /root/reactive/andariegos/andariegos/~/.vscode-root/User/settings.json
[2022-09-28 19:06:17.737] [main] [trace] Lifecycle#app.on(window-all-closed)
[2022-09-28 19:06:17.737] [main] [trace] Lifecycle#app.on(before-quit)
[2022-09-28 19:06:17.737] [main] [trace] Lifecycle#onBeforeShutdown.fire()
[2022-09-28 19:06:17.738] [main] [trace] [WindowsStateHandler] onBeforeShutdown {"lastActiveWindow":{"folder":"file:///root/reactive/andariegos/andariegos","backupPath":"/root/reactive/andariegos/andariegos/~/.vscode-root/Backups/cc340f480c753cfd2a178f6d6e6a541c","uiState":{"mode":1,"x":205,"y":237,"width":1024,"height":481}},"openedWindows":[]}
[2022-09-28 19:06:17.738] [main] [trace] Lifecycle#app.on(will-quit)
[2022-09-28 19:06:17.756] [main] [info] Extension host with pid 7236 exited with code: 0, signal: null.
[2022-09-28 19:06:17.756] [main] [trace] StorageMainService: closed workspace storage (546e92292cdfc6ec2ae82e7563c55502)
[2022-09-28 19:06:17.757] [main] [trace] StorageMainService: closed application storage
[2022-09-28 19:06:17.760] [main] [trace] [Disk FileSystemProvider]: createResourceLock() - request to acquire resource lock (/root/reactive/andariegos/andariegos/~/.vscode-root/User/globalStorage/storage.json)
[2022-09-28 19:06:17.760] [main] [trace] [Disk FileSystemProvider]: createResourceLock() - new resource lock created (/root/reactive/andariegos/andariegos/~/.vscode-root/User/globalStorage/storage.json)
[2022-09-28 19:06:17.761] [main] [trace] [Disk FileSystemProvider]: open() - storing lock for handle 90 (/root/reactive/andariegos/andariegos/~/.vscode-root/User/globalStorage/storage.json)
[2022-09-28 19:06:17.920] [main] [trace] [Disk FileSystemProvider]: close() - resource lock removed from handle-lock map 90
[2022-09-28 19:06:17.920] [main] [trace] [Disk FileSystemProvider]: close() - disposing lock for handle 90
[2022-09-28 19:06:17.921] [main] [trace] [Disk FileSystemProvider]: createResourceLock() - resource lock dispose() (/root/reactive/andariegos/andariegos/~/.vscode-root/User/globalStorage/storage.json)
[2022-09-28 19:06:17.921] [main] [trace] [Disk FileSystemProvider]: createResourceLock() - resource lock removed from resource-lock map (/root/reactive/andariegos/andariegos/~/.vscode-root/User/globalStorage/storage.json)
[2022-09-28 19:06:17.921] [main] [trace] [Disk FileSystemProvider]: createResourceLock() - resource lock barrier open() (/root/reactive/andariegos/andariegos/~/.vscode-root/User/globalStorage/storage.json)
