[2022-09-29 02:08:36.689] [main] [trace] [File Watcher (node.js)] Request to start watching: /root/reactive/andariegos/andariegos/~/.config/Code/User (excludes: <none>, includes: <all>),/root/reactive/andariegos/andariegos/~/.config/Code/User/settings.json (excludes: <none>, includes: <all>)
[2022-09-29 02:08:36.689] [main] [trace] [File Watcher (node.js)] Started watching: '/root/reactive/andariegos/andariegos/~/.config/Code/User'
[2022-09-29 02:08:36.689] [main] [trace] [File Watcher (node.js)] Error: ENOENT: no such file or directory, stat '/root/reactive/andariegos/andariegos/~/.config/Code/User/settings.json'
[2022-09-29 02:08:36.689] [main] [debug] Starting VS Code
[2022-09-29 02:08:36.689] [main] [debug] from: /usr/share/code/resources/app
[2022-09-29 02:08:36.689] [main] [debug] args: {"_":[],"diff":false,"merge":false,"add":false,"goto":false,"new-window":false,"reuse-window":false,"wait":false,"user-data-dir":"~/.config/Code/","help":false,"list-extensions":false,"show-versions":false,"pre-release":false,"version":false,"verbose":true,"status":false,"prof-startup":false,"no-cached-data":false,"prof-v8-extensions":false,"disable-extensions":false,"disable-gpu":false,"ms-enable-electron-run-as-node":false,"telemetry":false,"debugRenderer":false,"enable-smoke-test-driver":false,"logExtensionHostCommunication":false,"skip-release-notes":false,"skip-welcome":false,"disable-telemetry":false,"disable-updates":false,"disable-keytar":false,"disable-workspace-trust":false,"disable-crash-reporter":false,"crash-reporter-id":"22c767b2-3dd2-4a47-a342-ceefe056b8c0","skip-add-to-recently-opened":false,"unity-launch":false,"open-url":false,"file-write":false,"file-chmod":false,"force":false,"do-not-sync":false,"trace":false,"force-user-env":false,"force-disable-user-env":false,"open-devtools":false,"__enable-file-policy":false,"no-proxy-server":false,"no-sandbox":false,"nolazy":false,"force-renderer-accessibility":false,"ignore-certificate-errors":false,"allow-insecure-localhost":false,"disable-dev-shm-usage":false,"profile-temp":false,"logsPath":"/root/reactive/andariegos/andariegos/~/.config/Code/logs/20220929T020836"}
[2022-09-29 02:08:36.689] [main] [trace] Resolving machine identifier...
[2022-09-29 02:08:36.689] [main] [trace] Resolved machine identifier: f93c93a7c23dcbca31c389ba70a47e8b87bd31ab6d2dd96ca26880545e413119
[2022-09-29 02:08:36.689] [main] [trace] Main->SharedProcess#connect
[2022-09-29 02:08:37.294] [main] [trace] StorageMainService: creating application storage
[2022-09-29 02:08:37.323] [main] [trace] lifecycle (main): phase changed (value: 2)
[2022-09-29 02:08:37.328] [main] [trace] windowsManager#open
[2022-09-29 02:08:37.330] [main] [trace] windowsManager#open pathsToOpen [{"backupPath":"/root/reactive/andariegos/andariegos/~/.config/Code/Backups/1664324328742"}]
[2022-09-29 02:08:37.333] [main] [trace] windowsManager#doOpenEmpty {"restore":true,"forceNewWindow":true}
[2022-09-29 02:08:37.337] [main] [trace] IPC Object URL: Registered new channel vscode:d080c752-a06a-4e56-beb3-09c0f96ff6f8.
[2022-09-29 02:08:37.338] [main] [trace] window#validateWindowState: validating window state on 1 display(s) {"mode":1,"x":171,"y":64,"width":1024,"height":654}
[2022-09-29 02:08:37.339] [main] [trace] window#validateWindowState: 1 monitor working area {"x":0,"y":27,"width":1366,"height":691}
[2022-09-29 02:08:37.339] [main] [trace] window#ctor: using window state {"mode":1,"x":171,"y":64,"width":1024,"height":654}
[2022-09-29 02:08:37.604] [main] [trace] window#load: attempt to load window (id: 1)
[2022-09-29 02:08:37.619] [main] [trace] windowsManager#open used window count 1 (workspacesToOpen: 0, foldersToOpen: 0, emptyToRestore: 1, emptyToOpen: 0)
[2022-09-29 02:08:37.620] [main] [trace] lifecycle (main): phase changed (value: 3)
[2022-09-29 02:08:37.622] [main] [info] update#setState idle
[2022-09-29 02:08:37.624] [main] [trace] resolveShellEnv(): skipped (VSCODE_CLI is set)
[2022-09-29 02:08:37.768] [main] [trace] resolveShellEnv(): skipped (VSCODE_CLI is set)
[2022-09-29 02:08:38.824] [main] [trace] StorageMainService: creating workspace storage (1664324328742)
[2022-09-29 02:08:38.826] [main] [trace] [Disk FileSystemProvider]: atomic read operation started (/root/reactive/andariegos/andariegos/~/.config/Code/User/settings.json)
[2022-09-29 02:08:38.826] [main] [trace] [Disk FileSystemProvider]: createResourceLock() - request to acquire resource lock (/root/reactive/andariegos/andariegos/~/.config/Code/User/settings.json)
[2022-09-29 02:08:38.826] [main] [trace] [Disk FileSystemProvider]: createResourceLock() - new resource lock created (/root/reactive/andariegos/andariegos/~/.config/Code/User/settings.json)
[2022-09-29 02:08:38.828] [main] [trace] [Disk FileSystemProvider]: createResourceLock() - resource lock dispose() (/root/reactive/andariegos/andariegos/~/.config/Code/User/settings.json)
[2022-09-29 02:08:38.829] [main] [trace] [Disk FileSystemProvider]: createResourceLock() - resource lock removed from resource-lock map (/root/reactive/andariegos/andariegos/~/.config/Code/User/settings.json)
[2022-09-29 02:08:38.829] [main] [trace] [Disk FileSystemProvider]: createResourceLock() - resource lock barrier open() (/root/reactive/andariegos/andariegos/~/.config/Code/User/settings.json)
[2022-09-29 02:08:39.552] [main] [trace] [Disk FileSystemProvider]: atomic read operation started (/root/reactive/andariegos/andariegos/~/.config/Code/User/keybindings.json)
[2022-09-29 02:08:39.552] [main] [trace] [Disk FileSystemProvider]: createResourceLock() - request to acquire resource lock (/root/reactive/andariegos/andariegos/~/.config/Code/User/keybindings.json)
[2022-09-29 02:08:39.552] [main] [trace] [Disk FileSystemProvider]: createResourceLock() - new resource lock created (/root/reactive/andariegos/andariegos/~/.config/Code/User/keybindings.json)
[2022-09-29 02:08:39.553] [main] [trace] [Disk FileSystemProvider]: createResourceLock() - resource lock dispose() (/root/reactive/andariegos/andariegos/~/.config/Code/User/keybindings.json)
[2022-09-29 02:08:39.553] [main] [trace] [Disk FileSystemProvider]: createResourceLock() - resource lock removed from resource-lock map (/root/reactive/andariegos/andariegos/~/.config/Code/User/keybindings.json)
[2022-09-29 02:08:39.553] [main] [trace] [Disk FileSystemProvider]: createResourceLock() - resource lock barrier open() (/root/reactive/andariegos/andariegos/~/.config/Code/User/keybindings.json)
[2022-09-29 02:08:39.646] [main] [info] Starting extension host with pid 27634 (fork() took 7 ms).
[2022-09-29 02:08:40.182] [main] [trace] [Disk FileSystemProvider]: createResourceLock() - request to acquire resource lock (/root/reactive/andariegos/andariegos/~/.config/Code/CachedExtensions/builtin)
[2022-09-29 02:08:40.183] [main] [trace] [Disk FileSystemProvider]: createResourceLock() - new resource lock created (/root/reactive/andariegos/andariegos/~/.config/Code/CachedExtensions/builtin)
[2022-09-29 02:08:40.183] [main] [trace] [Disk FileSystemProvider]: open() - storing lock for handle 92 (/root/reactive/andariegos/andariegos/~/.config/Code/CachedExtensions/builtin)
[2022-09-29 02:08:40.333] [main] [trace] [Disk FileSystemProvider]: close() - resource lock removed from handle-lock map 92
[2022-09-29 02:08:40.333] [main] [trace] [Disk FileSystemProvider]: close() - disposing lock for handle 92
[2022-09-29 02:08:40.334] [main] [trace] [Disk FileSystemProvider]: createResourceLock() - resource lock dispose() (/root/reactive/andariegos/andariegos/~/.config/Code/CachedExtensions/builtin)
[2022-09-29 02:08:40.334] [main] [trace] [Disk FileSystemProvider]: createResourceLock() - resource lock removed from resource-lock map (/root/reactive/andariegos/andariegos/~/.config/Code/CachedExtensions/builtin)
[2022-09-29 02:08:40.334] [main] [trace] [Disk FileSystemProvider]: createResourceLock() - resource lock barrier open() (/root/reactive/andariegos/andariegos/~/.config/Code/CachedExtensions/builtin)
[2022-09-29 02:08:40.639] [main] [trace] SharedProcess: on vscode:createSharedProcessMessageChannel
[2022-09-29 02:08:40.639] [main] [trace] IPC Object URL: Registered new channel vscode:5253ec2a-1635-45f7-a9bf-7f490066f32b.
[2022-09-29 02:08:40.790] [main] [trace] [Disk FileSystemProvider]: createResourceLock() - request to acquire resource lock (/root/reactive/andariegos/andariegos/~/.config/Code/logs/20220929T020836/output_1_20220929T020840/tasks.log)
[2022-09-29 02:08:40.790] [main] [trace] [Disk FileSystemProvider]: createResourceLock() - new resource lock created (/root/reactive/andariegos/andariegos/~/.config/Code/logs/20220929T020836/output_1_20220929T020840/tasks.log)
[2022-09-29 02:08:40.791] [main] [trace] [Disk FileSystemProvider]: createResourceLock() - request to acquire resource lock (/root/reactive/andariegos/andariegos/~/.config/Code/logs/20220929T020836/output_1_20220929T020840/extensions.log)
[2022-09-29 02:08:40.791] [main] [trace] [Disk FileSystemProvider]: createResourceLock() - new resource lock created (/root/reactive/andariegos/andariegos/~/.config/Code/logs/20220929T020836/output_1_20220929T020840/extensions.log)
[2022-09-29 02:08:40.791] [main] [trace] [Disk FileSystemProvider]: open() - storing lock for handle 97 (/root/reactive/andariegos/andariegos/~/.config/Code/logs/20220929T020836/output_1_20220929T020840/tasks.log)
[2022-09-29 02:08:40.791] [main] [trace] [Disk FileSystemProvider]: open() - storing lock for handle 99 (/root/reactive/andariegos/andariegos/~/.config/Code/logs/20220929T020836/output_1_20220929T020840/extensions.log)
[2022-09-29 02:08:40.806] [main] [trace] resolveShellEnv(): skipped (VSCODE_CLI is set)
[2022-09-29 02:08:40.848] [main] [trace] [Disk FileSystemProvider]: close() - resource lock removed from handle-lock map 99
[2022-09-29 02:08:40.848] [main] [trace] [Disk FileSystemProvider]: close() - disposing lock for handle 99
[2022-09-29 02:08:40.848] [main] [trace] [Disk FileSystemProvider]: createResourceLock() - resource lock dispose() (/root/reactive/andariegos/andariegos/~/.config/Code/logs/20220929T020836/output_1_20220929T020840/extensions.log)
[2022-09-29 02:08:40.849] [main] [trace] [Disk FileSystemProvider]: createResourceLock() - resource lock removed from resource-lock map (/root/reactive/andariegos/andariegos/~/.config/Code/logs/20220929T020836/output_1_20220929T020840/extensions.log)
[2022-09-29 02:08:40.849] [main] [trace] [Disk FileSystemProvider]: createResourceLock() - resource lock barrier open() (/root/reactive/andariegos/andariegos/~/.config/Code/logs/20220929T020836/output_1_20220929T020840/extensions.log)
[2022-09-29 02:08:40.849] [main] [trace] [Disk FileSystemProvider]: close() - resource lock removed from handle-lock map 97
[2022-09-29 02:08:40.849] [main] [trace] [Disk FileSystemProvider]: close() - disposing lock for handle 97
[2022-09-29 02:08:40.849] [main] [trace] [Disk FileSystemProvider]: createResourceLock() - resource lock dispose() (/root/reactive/andariegos/andariegos/~/.config/Code/logs/20220929T020836/output_1_20220929T020840/tasks.log)
[2022-09-29 02:08:40.849] [main] [trace] [Disk FileSystemProvider]: createResourceLock() - resource lock removed from resource-lock map (/root/reactive/andariegos/andariegos/~/.config/Code/logs/20220929T020836/output_1_20220929T020840/tasks.log)
[2022-09-29 02:08:40.849] [main] [trace] [Disk FileSystemProvider]: createResourceLock() - resource lock barrier open() (/root/reactive/andariegos/andariegos/~/.config/Code/logs/20220929T020836/output_1_20220929T020840/tasks.log)
[2022-09-29 02:08:40.998] [main] [trace] SharedProcess: IPC ready
[2022-09-29 02:08:41.014] [main] [trace] Main->SharedProcess#connect: connection established
[2022-09-29 02:08:41.021] [main] [trace] [Disk FileSystemProvider]: atomic read operation started (/root/reactive/andariegos/andariegos/~/.config/Code/User/settings.json)
[2022-09-29 02:08:41.022] [main] [trace] [Disk FileSystemProvider]: createResourceLock() - request to acquire resource lock (/root/reactive/andariegos/andariegos/~/.config/Code/User/settings.json)
[2022-09-29 02:08:41.022] [main] [trace] [Disk FileSystemProvider]: createResourceLock() - new resource lock created (/root/reactive/andariegos/andariegos/~/.config/Code/User/settings.json)
[2022-09-29 02:08:41.023] [main] [trace] [File Watcher (node.js)] Request to start watching: /root/reactive/andariegos/andariegos/~/.config/Code/User (excludes: <none>, includes: <all>),/root/reactive/andariegos/andariegos/~/.config/Code/User/settings.json (excludes: <none>, includes: <all>)
[2022-09-29 02:08:41.023] [main] [trace] [Disk FileSystemProvider]: createResourceLock() - resource lock dispose() (/root/reactive/andariegos/andariegos/~/.config/Code/User/settings.json)
[2022-09-29 02:08:41.023] [main] [trace] [Disk FileSystemProvider]: createResourceLock() - resource lock removed from resource-lock map (/root/reactive/andariegos/andariegos/~/.config/Code/User/settings.json)
[2022-09-29 02:08:41.023] [main] [trace] [Disk FileSystemProvider]: createResourceLock() - resource lock barrier open() (/root/reactive/andariegos/andariegos/~/.config/Code/User/settings.json)
[2022-09-29 02:08:41.027] [main] [trace] [File Watcher (node.js)] Started watching: '/root/reactive/andariegos/andariegos/~/.config/Code/User'
[2022-09-29 02:08:41.027] [main] [trace] [File Watcher (node.js)] Error: ENOENT: no such file or directory, stat '/root/reactive/andariegos/andariegos/~/.config/Code/User/settings.json'
[2022-09-29 02:08:41.058] [main] [trace] SharedProcess: Overall ready
[2022-09-29 02:08:41.369] [main] [trace] SharedProcess: onWorkerConnection {"process":{"moduleId":"vs/platform/files/node/watcher/watcherMain","type":"fileWatcher"},"reply":{"windowId":1,"channel":"vscode:createSharedProcessWorkerMessageChannelResult","nonce":"89c0de8b-c70d-4491-af95-cb3d17c591dd"}}
[2022-09-29 02:08:43.842] [main] [trace] [Disk FileSystemProvider]: atomic read operation started (/root/reactive/andariegos/andariegos/~/.config/Code/User/settings.json)
[2022-09-29 02:08:43.843] [main] [trace] [Disk FileSystemProvider]: createResourceLock() - request to acquire resource lock (/root/reactive/andariegos/andariegos/~/.config/Code/User/settings.json)
[2022-09-29 02:08:43.843] [main] [trace] [Disk FileSystemProvider]: createResourceLock() - new resource lock created (/root/reactive/andariegos/andariegos/~/.config/Code/User/settings.json)
[2022-09-29 02:08:43.845] [main] [trace] [Disk FileSystemProvider]: atomic read operation started (/root/reactive/andariegos/andariegos/~/.config/Code/User/tasks.json)
[2022-09-29 02:08:43.845] [main] [trace] [Disk FileSystemProvider]: createResourceLock() - request to acquire resource lock (/root/reactive/andariegos/andariegos/~/.config/Code/User/tasks.json)
[2022-09-29 02:08:43.845] [main] [trace] [Disk FileSystemProvider]: createResourceLock() - new resource lock created (/root/reactive/andariegos/andariegos/~/.config/Code/User/tasks.json)
[2022-09-29 02:08:43.849] [main] [trace] [Disk FileSystemProvider]: createResourceLock() - resource lock dispose() (/root/reactive/andariegos/andariegos/~/.config/Code/User/settings.json)
[2022-09-29 02:08:43.849] [main] [trace] [Disk FileSystemProvider]: createResourceLock() - resource lock removed from resource-lock map (/root/reactive/andariegos/andariegos/~/.config/Code/User/settings.json)
[2022-09-29 02:08:43.849] [main] [trace] [Disk FileSystemProvider]: createResourceLock() - resource lock barrier open() (/root/reactive/andariegos/andariegos/~/.config/Code/User/settings.json)
[2022-09-29 02:08:43.850] [main] [trace] [Disk FileSystemProvider]: createResourceLock() - resource lock dispose() (/root/reactive/andariegos/andariegos/~/.config/Code/User/tasks.json)
[2022-09-29 02:08:43.851] [main] [trace] [Disk FileSystemProvider]: createResourceLock() - resource lock removed from resource-lock map (/root/reactive/andariegos/andariegos/~/.config/Code/User/tasks.json)
[2022-09-29 02:08:43.851] [main] [trace] [Disk FileSystemProvider]: createResourceLock() - resource lock barrier open() (/root/reactive/andariegos/andariegos/~/.config/Code/User/tasks.json)
[2022-09-29 02:08:46.167] [main] [trace] Lifecycle#window.on('close') - window ID 1
[2022-09-29 02:08:46.168] [main] [trace] Lifecycle#onBeforeCloseWindow.fire() - window ID 1
[2022-09-29 02:08:46.175] [main] [trace] IPC Object URL: Removed channel vscode:d080c752-a06a-4e56-beb3-09c0f96ff6f8.
[2022-09-29 02:08:46.176] [main] [trace] Lifecycle#window.on('closed') - window ID 1
[2022-09-29 02:08:46.177] [main] [trace] Lifecycle#onWillShutdown.fire()
[2022-09-29 02:08:46.180] [main] [trace] IPC Object URL: Removed channel vscode:5253ec2a-1635-45f7-a9bf-7f490066f32b.
[2022-09-29 02:08:46.182] [main] [trace] storageMainService#onWillShutdown()
[2022-09-29 02:08:46.184] [main] [info] Waiting for extension host with pid 27634 to exit.
[2022-09-29 02:08:46.186] [main] [trace] SharedProcess: disposing worker (reason: 'closed') {"process":{"moduleId":"vs/platform/files/node/watcher/watcherMain","type":"fileWatcher"},"reply":{"windowId":1,"channel":"vscode:createSharedProcessWorkerMessageChannelResult","nonce":"89c0de8b-c70d-4491-af95-cb3d17c591dd"}}
[2022-09-29 02:08:46.194] [main] [trace] [File Watcher (node.js)] Request to stop watching: /root/reactive/andariegos/andariegos/~/.config/Code/User,/root/reactive/andariegos/andariegos/~/.config/Code/User/settings.json
[2022-09-29 02:08:46.194] [main] [trace] [File Watcher (node.js)] stopping file watcher on /root/reactive/andariegos/andariegos/~/.config/Code/User
[2022-09-29 02:08:46.195] [main] [trace] [File Watcher (node.js)] stopping file watcher on /root/reactive/andariegos/andariegos/~/.config/Code/User/settings.json
[2022-09-29 02:08:46.208] [main] [trace] StorageMainService: closed workspace storage (1664324328742)
[2022-09-29 02:08:46.208] [main] [trace] StorageMainService: closed application storage
[2022-09-29 02:08:46.210] [main] [trace] Lifecycle#app.on(window-all-closed)
[2022-09-29 02:08:46.211] [main] [trace] Lifecycle#app.on(before-quit)
[2022-09-29 02:08:46.211] [main] [trace] Lifecycle#onBeforeShutdown.fire()
[2022-09-29 02:08:46.212] [main] [trace] [WindowsStateHandler] onBeforeShutdown {"lastActiveWindow":{"backupPath":"/root/reactive/andariegos/andariegos/~/.config/Code/Backups/1664324328742","uiState":{"mode":1,"x":171,"y":64,"width":1024,"height":654}},"openedWindows":[]}
[2022-09-29 02:08:46.212] [main] [trace] Lifecycle#app.on(will-quit)
[2022-09-29 02:08:46.227] [main] [info] Extension host with pid 27634 exited with code: 0, signal: null.
