[2022-09-29 00:58:23.308] [main] [trace] [File Watcher (node.js)] Request to start watching: /root/reactive/andariegos/andariegos/~/root/User (excludes: <none>, includes: <all>),/root/reactive/andariegos/andariegos/~/root/User/settings.json (excludes: <none>, includes: <all>)
[2022-09-29 00:58:23.308] [main] [trace] [File Watcher (node.js)] Started watching: '/root/reactive/andariegos/andariegos/~/root/User'
[2022-09-29 00:58:23.308] [main] [trace] [File Watcher (node.js)] Error: ENOENT: no such file or directory, stat '/root/reactive/andariegos/andariegos/~/root/User/settings.json'
[2022-09-29 00:58:23.308] [main] [debug] Starting VS Code
[2022-09-29 00:58:23.308] [main] [debug] from: /usr/share/code/resources/app
[2022-09-29 00:58:23.308] [main] [debug] args: {"_":[],"diff":false,"merge":false,"add":false,"goto":false,"new-window":false,"reuse-window":false,"wait":false,"user-data-dir":"~/root","help":false,"list-extensions":false,"show-versions":false,"pre-release":false,"version":false,"verbose":true,"status":false,"prof-startup":false,"no-cached-data":false,"prof-v8-extensions":false,"disable-extensions":false,"disable-gpu":false,"ms-enable-electron-run-as-node":false,"telemetry":false,"debugRenderer":false,"enable-smoke-test-driver":false,"logExtensionHostCommunication":false,"skip-release-notes":false,"skip-welcome":false,"disable-telemetry":false,"disable-updates":false,"disable-keytar":false,"disable-workspace-trust":false,"disable-crash-reporter":false,"crash-reporter-id":"22c767b2-3dd2-4a47-a342-ceefe056b8c0","skip-add-to-recently-opened":false,"unity-launch":false,"open-url":false,"file-write":false,"file-chmod":false,"force":false,"do-not-sync":false,"trace":false,"force-user-env":false,"force-disable-user-env":false,"open-devtools":false,"__enable-file-policy":false,"no-proxy-server":false,"no-sandbox":false,"nolazy":false,"force-renderer-accessibility":false,"ignore-certificate-errors":false,"allow-insecure-localhost":false,"disable-dev-shm-usage":false,"profile-temp":false,"logsPath":"/root/reactive/andariegos/andariegos/~/root/logs/20220929T005823"}
[2022-09-29 00:58:23.308] [main] [trace] Resolving machine identifier...
[2022-09-29 00:58:23.308] [main] [trace] Resolved machine identifier: f93c93a7c23dcbca31c389ba70a47e8b87bd31ab6d2dd96ca26880545e413119
[2022-09-29 00:58:23.308] [main] [trace] Main->SharedProcess#connect
[2022-09-29 00:58:23.836] [main] [trace] StorageMainService: creating application storage
[2022-09-29 00:58:23.861] [main] [trace] lifecycle (main): phase changed (value: 2)
[2022-09-29 00:58:23.866] [main] [trace] windowsManager#open
[2022-09-29 00:58:23.868] [main] [trace] windowsManager#open pathsToOpen [{"backupPath":"/root/reactive/andariegos/andariegos/~/root/Backups/1664093144068"}]
[2022-09-29 00:58:23.872] [main] [trace] windowsManager#doOpenEmpty {"restore":true,"forceNewWindow":true}
[2022-09-29 00:58:23.876] [main] [trace] IPC Object URL: Registered new channel vscode:0f789cc8-9724-4e72-96e8-67f18475e0cf.
[2022-09-29 00:58:23.877] [main] [trace] window#validateWindowState: validating window state on 1 display(s) {"mode":1,"x":171,"y":64,"width":1024,"height":654}
[2022-09-29 00:58:23.877] [main] [trace] window#validateWindowState: 1 monitor working area {"x":0,"y":27,"width":1366,"height":691}
[2022-09-29 00:58:23.878] [main] [trace] window#ctor: using window state {"mode":1,"x":171,"y":64,"width":1024,"height":654}
[2022-09-29 00:58:24.072] [main] [trace] window#load: attempt to load window (id: 1)
[2022-09-29 00:58:24.085] [main] [trace] windowsManager#open used window count 1 (workspacesToOpen: 0, foldersToOpen: 0, emptyToRestore: 1, emptyToOpen: 0)
[2022-09-29 00:58:24.086] [main] [trace] lifecycle (main): phase changed (value: 3)
[2022-09-29 00:58:24.088] [main] [info] update#setState idle
[2022-09-29 00:58:24.089] [main] [trace] resolveShellEnv(): skipped (VSCODE_CLI is set)
[2022-09-29 00:58:24.254] [main] [trace] resolveShellEnv(): skipped (VSCODE_CLI is set)
[2022-09-29 00:58:25.310] [main] [trace] StorageMainService: creating workspace storage (1664093144068)
[2022-09-29 00:58:25.312] [main] [trace] [Disk FileSystemProvider]: atomic read operation started (/root/reactive/andariegos/andariegos/~/root/User/settings.json)
[2022-09-29 00:58:25.312] [main] [trace] [Disk FileSystemProvider]: createResourceLock() - request to acquire resource lock (/root/reactive/andariegos/andariegos/~/root/User/settings.json)
[2022-09-29 00:58:25.313] [main] [trace] [Disk FileSystemProvider]: createResourceLock() - new resource lock created (/root/reactive/andariegos/andariegos/~/root/User/settings.json)
[2022-09-29 00:58:25.315] [main] [trace] [Disk FileSystemProvider]: createResourceLock() - resource lock dispose() (/root/reactive/andariegos/andariegos/~/root/User/settings.json)
[2022-09-29 00:58:25.315] [main] [trace] [Disk FileSystemProvider]: createResourceLock() - resource lock removed from resource-lock map (/root/reactive/andariegos/andariegos/~/root/User/settings.json)
[2022-09-29 00:58:25.315] [main] [trace] [Disk FileSystemProvider]: createResourceLock() - resource lock barrier open() (/root/reactive/andariegos/andariegos/~/root/User/settings.json)
[2022-09-29 00:58:25.880] [main] [trace] [Disk FileSystemProvider]: atomic read operation started (/root/reactive/andariegos/andariegos/~/root/User/keybindings.json)
[2022-09-29 00:58:25.880] [main] [trace] [Disk FileSystemProvider]: createResourceLock() - request to acquire resource lock (/root/reactive/andariegos/andariegos/~/root/User/keybindings.json)
[2022-09-29 00:58:25.880] [main] [trace] [Disk FileSystemProvider]: createResourceLock() - new resource lock created (/root/reactive/andariegos/andariegos/~/root/User/keybindings.json)
[2022-09-29 00:58:25.882] [main] [trace] [Disk FileSystemProvider]: createResourceLock() - resource lock dispose() (/root/reactive/andariegos/andariegos/~/root/User/keybindings.json)
[2022-09-29 00:58:25.882] [main] [trace] [Disk FileSystemProvider]: createResourceLock() - resource lock removed from resource-lock map (/root/reactive/andariegos/andariegos/~/root/User/keybindings.json)
[2022-09-29 00:58:25.882] [main] [trace] [Disk FileSystemProvider]: createResourceLock() - resource lock barrier open() (/root/reactive/andariegos/andariegos/~/root/User/keybindings.json)
[2022-09-29 00:58:25.950] [main] [info] Starting extension host with pid 12685 (fork() took 6 ms).
[2022-09-29 00:58:26.330] [main] [trace] [Disk FileSystemProvider]: createResourceLock() - request to acquire resource lock (/root/reactive/andariegos/andariegos/~/root/CachedExtensions/builtin)
[2022-09-29 00:58:26.330] [main] [trace] [Disk FileSystemProvider]: createResourceLock() - new resource lock created (/root/reactive/andariegos/andariegos/~/root/CachedExtensions/builtin)
[2022-09-29 00:58:26.331] [main] [trace] [Disk FileSystemProvider]: open() - storing lock for handle 92 (/root/reactive/andariegos/andariegos/~/root/CachedExtensions/builtin)
[2022-09-29 00:58:26.488] [main] [trace] [Disk FileSystemProvider]: close() - resource lock removed from handle-lock map 92
[2022-09-29 00:58:26.488] [main] [trace] [Disk FileSystemProvider]: close() - disposing lock for handle 92
[2022-09-29 00:58:26.488] [main] [trace] [Disk FileSystemProvider]: createResourceLock() - resource lock dispose() (/root/reactive/andariegos/andariegos/~/root/CachedExtensions/builtin)
[2022-09-29 00:58:26.489] [main] [trace] [Disk FileSystemProvider]: createResourceLock() - resource lock removed from resource-lock map (/root/reactive/andariegos/andariegos/~/root/CachedExtensions/builtin)
[2022-09-29 00:58:26.489] [main] [trace] [Disk FileSystemProvider]: createResourceLock() - resource lock barrier open() (/root/reactive/andariegos/andariegos/~/root/CachedExtensions/builtin)
[2022-09-29 00:58:26.896] [main] [trace] [Disk FileSystemProvider]: createResourceLock() - request to acquire resource lock (/root/reactive/andariegos/andariegos/~/root/logs/20220929T005823/output_1_20220929T005826/tasks.log)
[2022-09-29 00:58:26.896] [main] [trace] [Disk FileSystemProvider]: createResourceLock() - new resource lock created (/root/reactive/andariegos/andariegos/~/root/logs/20220929T005823/output_1_20220929T005826/tasks.log)
[2022-09-29 00:58:26.896] [main] [trace] [Disk FileSystemProvider]: createResourceLock() - request to acquire resource lock (/root/reactive/andariegos/andariegos/~/root/logs/20220929T005823/output_1_20220929T005826/extensions.log)
[2022-09-29 00:58:26.896] [main] [trace] [Disk FileSystemProvider]: createResourceLock() - new resource lock created (/root/reactive/andariegos/andariegos/~/root/logs/20220929T005823/output_1_20220929T005826/extensions.log)
[2022-09-29 00:58:26.897] [main] [trace] [Disk FileSystemProvider]: open() - storing lock for handle 93 (/root/reactive/andariegos/andariegos/~/root/logs/20220929T005823/output_1_20220929T005826/tasks.log)
[2022-09-29 00:58:26.897] [main] [trace] [Disk FileSystemProvider]: open() - storing lock for handle 95 (/root/reactive/andariegos/andariegos/~/root/logs/20220929T005823/output_1_20220929T005826/extensions.log)
[2022-09-29 00:58:26.972] [main] [trace] [Disk FileSystemProvider]: close() - resource lock removed from handle-lock map 95
[2022-09-29 00:58:26.972] [main] [trace] [Disk FileSystemProvider]: close() - disposing lock for handle 95
[2022-09-29 00:58:26.972] [main] [trace] [Disk FileSystemProvider]: createResourceLock() - resource lock dispose() (/root/reactive/andariegos/andariegos/~/root/logs/20220929T005823/output_1_20220929T005826/extensions.log)
[2022-09-29 00:58:26.972] [main] [trace] [Disk FileSystemProvider]: createResourceLock() - resource lock removed from resource-lock map (/root/reactive/andariegos/andariegos/~/root/logs/20220929T005823/output_1_20220929T005826/extensions.log)
[2022-09-29 00:58:26.972] [main] [trace] [Disk FileSystemProvider]: createResourceLock() - resource lock barrier open() (/root/reactive/andariegos/andariegos/~/root/logs/20220929T005823/output_1_20220929T005826/extensions.log)
[2022-09-29 00:58:26.973] [main] [trace] [Disk FileSystemProvider]: close() - resource lock removed from handle-lock map 93
[2022-09-29 00:58:26.973] [main] [trace] [Disk FileSystemProvider]: close() - disposing lock for handle 93
[2022-09-29 00:58:26.973] [main] [trace] [Disk FileSystemProvider]: createResourceLock() - resource lock dispose() (/root/reactive/andariegos/andariegos/~/root/logs/20220929T005823/output_1_20220929T005826/tasks.log)
[2022-09-29 00:58:26.973] [main] [trace] [Disk FileSystemProvider]: createResourceLock() - resource lock removed from resource-lock map (/root/reactive/andariegos/andariegos/~/root/logs/20220929T005823/output_1_20220929T005826/tasks.log)
[2022-09-29 00:58:26.973] [main] [trace] [Disk FileSystemProvider]: createResourceLock() - resource lock barrier open() (/root/reactive/andariegos/andariegos/~/root/logs/20220929T005823/output_1_20220929T005826/tasks.log)
[2022-09-29 00:58:27.140] [main] [trace] SharedProcess: on vscode:createSharedProcessMessageChannel
[2022-09-29 00:58:27.142] [main] [trace] IPC Object URL: Registered new channel vscode:34142c26-f545-4718-a18f-efd0a8a93c5c.
[2022-09-29 00:58:27.281] [main] [trace] resolveShellEnv(): skipped (VSCODE_CLI is set)
[2022-09-29 00:58:27.445] [main] [trace] SharedProcess: IPC ready
[2022-09-29 00:58:27.461] [main] [trace] Main->SharedProcess#connect: connection established
[2022-09-29 00:58:27.469] [main] [trace] [Disk FileSystemProvider]: atomic read operation started (/root/reactive/andariegos/andariegos/~/root/User/settings.json)
[2022-09-29 00:58:27.469] [main] [trace] [Disk FileSystemProvider]: createResourceLock() - request to acquire resource lock (/root/reactive/andariegos/andariegos/~/root/User/settings.json)
[2022-09-29 00:58:27.469] [main] [trace] [Disk FileSystemProvider]: createResourceLock() - new resource lock created (/root/reactive/andariegos/andariegos/~/root/User/settings.json)
[2022-09-29 00:58:27.470] [main] [trace] [File Watcher (node.js)] Request to start watching: /root/reactive/andariegos/andariegos/~/root/User (excludes: <none>, includes: <all>),/root/reactive/andariegos/andariegos/~/root/User/settings.json (excludes: <none>, includes: <all>)
[2022-09-29 00:58:27.471] [main] [trace] [Disk FileSystemProvider]: createResourceLock() - resource lock dispose() (/root/reactive/andariegos/andariegos/~/root/User/settings.json)
[2022-09-29 00:58:27.471] [main] [trace] [Disk FileSystemProvider]: createResourceLock() - resource lock removed from resource-lock map (/root/reactive/andariegos/andariegos/~/root/User/settings.json)
[2022-09-29 00:58:27.471] [main] [trace] [Disk FileSystemProvider]: createResourceLock() - resource lock barrier open() (/root/reactive/andariegos/andariegos/~/root/User/settings.json)
[2022-09-29 00:58:27.473] [main] [trace] [File Watcher (node.js)] Started watching: '/root/reactive/andariegos/andariegos/~/root/User'
[2022-09-29 00:58:27.473] [main] [trace] [File Watcher (node.js)] Error: ENOENT: no such file or directory, stat '/root/reactive/andariegos/andariegos/~/root/User/settings.json'
[2022-09-29 00:58:27.508] [main] [trace] SharedProcess: Overall ready
[2022-09-29 00:58:27.831] [main] [trace] SharedProcess: onWorkerConnection {"process":{"moduleId":"vs/platform/files/node/watcher/watcherMain","type":"fileWatcher"},"reply":{"windowId":1,"channel":"vscode:createSharedProcessWorkerMessageChannelResult","nonce":"f405486f-67e1-451e-a6a6-791cc9a1ee59"}}
[2022-09-29 00:58:30.331] [main] [trace] [Disk FileSystemProvider]: atomic read operation started (/root/reactive/andariegos/andariegos/~/root/User/settings.json)
[2022-09-29 00:58:30.332] [main] [trace] [Disk FileSystemProvider]: createResourceLock() - request to acquire resource lock (/root/reactive/andariegos/andariegos/~/root/User/settings.json)
[2022-09-29 00:58:30.332] [main] [trace] [Disk FileSystemProvider]: createResourceLock() - new resource lock created (/root/reactive/andariegos/andariegos/~/root/User/settings.json)
[2022-09-29 00:58:30.333] [main] [trace] [Disk FileSystemProvider]: atomic read operation started (/root/reactive/andariegos/andariegos/~/root/User/tasks.json)
[2022-09-29 00:58:30.333] [main] [trace] [Disk FileSystemProvider]: createResourceLock() - request to acquire resource lock (/root/reactive/andariegos/andariegos/~/root/User/tasks.json)
[2022-09-29 00:58:30.334] [main] [trace] [Disk FileSystemProvider]: createResourceLock() - new resource lock created (/root/reactive/andariegos/andariegos/~/root/User/tasks.json)
[2022-09-29 00:58:30.337] [main] [trace] [Disk FileSystemProvider]: createResourceLock() - resource lock dispose() (/root/reactive/andariegos/andariegos/~/root/User/settings.json)
[2022-09-29 00:58:30.337] [main] [trace] [Disk FileSystemProvider]: createResourceLock() - resource lock removed from resource-lock map (/root/reactive/andariegos/andariegos/~/root/User/settings.json)
[2022-09-29 00:58:30.338] [main] [trace] [Disk FileSystemProvider]: createResourceLock() - resource lock barrier open() (/root/reactive/andariegos/andariegos/~/root/User/settings.json)
[2022-09-29 00:58:30.339] [main] [trace] [Disk FileSystemProvider]: createResourceLock() - resource lock dispose() (/root/reactive/andariegos/andariegos/~/root/User/tasks.json)
[2022-09-29 00:58:30.339] [main] [trace] [Disk FileSystemProvider]: createResourceLock() - resource lock removed from resource-lock map (/root/reactive/andariegos/andariegos/~/root/User/tasks.json)
[2022-09-29 00:58:30.339] [main] [trace] [Disk FileSystemProvider]: createResourceLock() - resource lock barrier open() (/root/reactive/andariegos/andariegos/~/root/User/tasks.json)
[2022-09-29 00:58:31.117] [main] [trace] Lifecycle#window.on('close') - window ID 1
[2022-09-29 00:58:31.118] [main] [trace] Lifecycle#onBeforeCloseWindow.fire() - window ID 1
[2022-09-29 00:58:31.125] [main] [trace] IPC Object URL: Removed channel vscode:0f789cc8-9724-4e72-96e8-67f18475e0cf.
[2022-09-29 00:58:31.127] [main] [trace] Lifecycle#window.on('closed') - window ID 1
[2022-09-29 00:58:31.128] [main] [trace] Lifecycle#onWillShutdown.fire()
[2022-09-29 00:58:31.133] [main] [trace] IPC Object URL: Removed channel vscode:34142c26-f545-4718-a18f-efd0a8a93c5c.
[2022-09-29 00:58:31.135] [main] [trace] storageMainService#onWillShutdown()
[2022-09-29 00:58:31.136] [main] [info] Waiting for extension host with pid 12685 to exit.
[2022-09-29 00:58:31.137] [main] [trace] SharedProcess: disposing worker (reason: 'closed') {"process":{"moduleId":"vs/platform/files/node/watcher/watcherMain","type":"fileWatcher"},"reply":{"windowId":1,"channel":"vscode:createSharedProcessWorkerMessageChannelResult","nonce":"f405486f-67e1-451e-a6a6-791cc9a1ee59"}}
[2022-09-29 00:58:31.149] [main] [trace] [File Watcher (node.js)] Request to stop watching: /root/reactive/andariegos/andariegos/~/root/User,/root/reactive/andariegos/andariegos/~/root/User/settings.json
[2022-09-29 00:58:31.150] [main] [trace] [File Watcher (node.js)] stopping file watcher on /root/reactive/andariegos/andariegos/~/root/User
[2022-09-29 00:58:31.151] [main] [trace] [File Watcher (node.js)] stopping file watcher on /root/reactive/andariegos/andariegos/~/root/User/settings.json
[2022-09-29 00:58:31.172] [main] [trace] StorageMainService: closed application storage
[2022-09-29 00:58:31.175] [main] [trace] StorageMainService: closed workspace storage (1664093144068)
[2022-09-29 00:58:31.182] [main] [trace] Lifecycle#app.on(window-all-closed)
[2022-09-29 00:58:31.182] [main] [trace] Lifecycle#app.on(before-quit)
[2022-09-29 00:58:31.182] [main] [trace] Lifecycle#onBeforeShutdown.fire()
[2022-09-29 00:58:31.184] [main] [trace] [WindowsStateHandler] onBeforeShutdown {"lastActiveWindow":{"backupPath":"/root/reactive/andariegos/andariegos/~/root/Backups/1664093144068","uiState":{"mode":1,"x":171,"y":64,"width":1024,"height":654}},"openedWindows":[]}
[2022-09-29 00:58:31.184] [main] [trace] Lifecycle#app.on(will-quit)
[2022-09-29 00:58:31.207] [main] [info] Extension host with pid 12685 exited with code: 0, signal: null.
