[2022-09-27 19:19:26.029] [main] [trace] [File Watcher (node.js)] Request to start watching: /root/reactive/andariegos/andariegos/~/.config/Code/User (excludes: <none>, includes: <all>),/root/reactive/andariegos/andariegos/~/.config/Code/User/settings.json (excludes: <none>, includes: <all>)
[2022-09-27 19:19:26.029] [main] [debug] Starting VS Code
[2022-09-27 19:19:26.029] [main] [debug] from: /snap/code/108/usr/share/code/resources/app
[2022-09-27 19:19:26.029] [main] [debug] args: {"_":[],"diff":false,"merge":false,"add":false,"goto":false,"new-window":false,"reuse-window":false,"wait":false,"user-data-dir":"~/.config/Code","help":false,"list-extensions":false,"show-versions":false,"pre-release":false,"version":false,"verbose":true,"status":false,"prof-startup":false,"no-cached-data":false,"prof-v8-extensions":false,"disable-extensions":false,"disable-gpu":false,"ms-enable-electron-run-as-node":false,"telemetry":false,"debugRenderer":false,"enable-smoke-test-driver":false,"logExtensionHostCommunication":false,"skip-release-notes":false,"skip-welcome":false,"disable-telemetry":false,"disable-updates":false,"disable-keytar":false,"disable-workspace-trust":false,"disable-crash-reporter":false,"crash-reporter-id":"22c767b2-3dd2-4a47-a342-ceefe056b8c0","skip-add-to-recently-opened":false,"unity-launch":false,"open-url":false,"file-write":false,"file-chmod":false,"force":false,"do-not-sync":false,"trace":false,"force-user-env":false,"force-disable-user-env":false,"open-devtools":false,"__enable-file-policy":false,"no-proxy-server":false,"no-sandbox":false,"nolazy":false,"force-renderer-accessibility":false,"ignore-certificate-errors":false,"allow-insecure-localhost":false,"disable-dev-shm-usage":false,"profile-temp":false,"logsPath":"/root/reactive/andariegos/andariegos/~/.config/Code/logs/20220927T191925"}
[2022-09-27 19:19:26.029] [main] [trace] Resolving machine identifier...
[2022-09-27 19:19:26.029] [main] [trace] Resolved machine identifier: f93c93a7c23dcbca31c389ba70a47e8b87bd31ab6d2dd96ca26880545e413119
[2022-09-27 19:19:26.029] [main] [trace] Main->SharedProcess#connect
[2022-09-27 19:19:26.032] [main] [trace] [File Watcher (node.js)] Started watching: '/root/reactive/andariegos/andariegos/~/.config/Code/User'
[2022-09-27 19:19:26.033] [main] [trace] [File Watcher (node.js)] Error: ENOENT: no such file or directory, stat '/root/reactive/andariegos/andariegos/~/.config/Code/User/settings.json'
[2022-09-27 19:19:26.473] [main] [trace] StorageMainService: creating application storage
[2022-09-27 19:19:26.480] [main] [info] update#setState idle
[2022-09-27 19:19:26.487] [main] [trace] lifecycle (main): phase changed (value: 2)
[2022-09-27 19:19:26.489] [main] [trace] windowsManager#open
[2022-09-27 19:19:26.490] [main] [trace] windowsManager#open pathsToOpen [{"backupPath":"/root/reactive/andariegos/andariegos/~/.config/Code/Backups/1664324328742"}]
[2022-09-27 19:19:26.492] [main] [trace] windowsManager#doOpenEmpty {"restore":true,"forceNewWindow":true}
[2022-09-27 19:19:26.494] [main] [trace] IPC Object URL: Registered new channel vscode:3e9d14ae-9857-4224-84b5-f996d1dc7a9e.
[2022-09-27 19:19:26.496] [main] [trace] window#validateWindowState: validating window state on 1 display(s) {"mode":1,"x":171,"y":64,"width":1024,"height":654}
[2022-09-27 19:19:26.497] [main] [trace] window#validateWindowState: 1 monitor working area {"x":0,"y":27,"width":1366,"height":691}
[2022-09-27 19:19:26.498] [main] [trace] window#ctor: using window state {"mode":1,"x":171,"y":64,"width":1024,"height":654}
[2022-09-27 19:19:26.698] [main] [trace] window#load: attempt to load window (id: 1)
[2022-09-27 19:19:26.721] [main] [trace] windowsManager#open used window count 1 (workspacesToOpen: 0, foldersToOpen: 0, emptyToRestore: 1, emptyToOpen: 0)
[2022-09-27 19:19:26.721] [main] [trace] lifecycle (main): phase changed (value: 3)
[2022-09-27 19:19:26.721] [main] [trace] resolveShellEnv(): skipped (VSCODE_CLI is set)
[2022-09-27 19:19:26.867] [main] [trace] resolveShellEnv(): skipped (VSCODE_CLI is set)
[2022-09-27 19:19:27.306] [main] [trace] StorageMainService: creating workspace storage (1664324328742)
[2022-09-27 19:19:27.308] [main] [trace] [Disk FileSystemProvider]: atomic read operation started (/root/reactive/andariegos/andariegos/~/.config/Code/User/settings.json)
[2022-09-27 19:19:27.308] [main] [trace] [Disk FileSystemProvider]: createResourceLock() - request to acquire resource lock (/root/reactive/andariegos/andariegos/~/.config/Code/User/settings.json)
[2022-09-27 19:19:27.308] [main] [trace] [Disk FileSystemProvider]: createResourceLock() - new resource lock created (/root/reactive/andariegos/andariegos/~/.config/Code/User/settings.json)
[2022-09-27 19:19:27.309] [main] [trace] [Disk FileSystemProvider]: createResourceLock() - resource lock dispose() (/root/reactive/andariegos/andariegos/~/.config/Code/User/settings.json)
[2022-09-27 19:19:27.309] [main] [trace] [Disk FileSystemProvider]: createResourceLock() - resource lock removed from resource-lock map (/root/reactive/andariegos/andariegos/~/.config/Code/User/settings.json)
[2022-09-27 19:19:27.309] [main] [trace] [Disk FileSystemProvider]: createResourceLock() - resource lock barrier open() (/root/reactive/andariegos/andariegos/~/.config/Code/User/settings.json)
[2022-09-27 19:19:28.074] [main] [trace] [Disk FileSystemProvider]: atomic read operation started (/root/reactive/andariegos/andariegos/~/.config/Code/User/keybindings.json)
[2022-09-27 19:19:28.074] [main] [trace] [Disk FileSystemProvider]: createResourceLock() - request to acquire resource lock (/root/reactive/andariegos/andariegos/~/.config/Code/User/keybindings.json)
[2022-09-27 19:19:28.074] [main] [trace] [Disk FileSystemProvider]: createResourceLock() - new resource lock created (/root/reactive/andariegos/andariegos/~/.config/Code/User/keybindings.json)
[2022-09-27 19:19:28.075] [main] [trace] [Disk FileSystemProvider]: createResourceLock() - resource lock dispose() (/root/reactive/andariegos/andariegos/~/.config/Code/User/keybindings.json)
[2022-09-27 19:19:28.075] [main] [trace] [Disk FileSystemProvider]: createResourceLock() - resource lock removed from resource-lock map (/root/reactive/andariegos/andariegos/~/.config/Code/User/keybindings.json)
[2022-09-27 19:19:28.075] [main] [trace] [Disk FileSystemProvider]: createResourceLock() - resource lock barrier open() (/root/reactive/andariegos/andariegos/~/.config/Code/User/keybindings.json)
[2022-09-27 19:19:28.187] [main] [info] Starting extension host with pid 18200 (fork() took 12 ms).
[2022-09-27 19:19:28.802] [main] [trace] [Disk FileSystemProvider]: createResourceLock() - request to acquire resource lock (/root/reactive/andariegos/andariegos/~/.config/Code/logs/20220927T191925/output_1_20220927T191928/tasks.log)
[2022-09-27 19:19:28.802] [main] [trace] [Disk FileSystemProvider]: createResourceLock() - new resource lock created (/root/reactive/andariegos/andariegos/~/.config/Code/logs/20220927T191925/output_1_20220927T191928/tasks.log)
[2022-09-27 19:19:28.803] [main] [trace] [Disk FileSystemProvider]: createResourceLock() - request to acquire resource lock (/root/reactive/andariegos/andariegos/~/.config/Code/logs/20220927T191925/output_1_20220927T191928/extensions.log)
[2022-09-27 19:19:28.803] [main] [trace] [Disk FileSystemProvider]: createResourceLock() - new resource lock created (/root/reactive/andariegos/andariegos/~/.config/Code/logs/20220927T191925/output_1_20220927T191928/extensions.log)
[2022-09-27 19:19:28.804] [main] [trace] [Disk FileSystemProvider]: open() - storing lock for handle 96 (/root/reactive/andariegos/andariegos/~/.config/Code/logs/20220927T191925/output_1_20220927T191928/tasks.log)
[2022-09-27 19:19:28.804] [main] [trace] [Disk FileSystemProvider]: open() - storing lock for handle 98 (/root/reactive/andariegos/andariegos/~/.config/Code/logs/20220927T191925/output_1_20220927T191928/extensions.log)
[2022-09-27 19:19:28.987] [main] [trace] [Disk FileSystemProvider]: close() - resource lock removed from handle-lock map 98
[2022-09-27 19:19:28.987] [main] [trace] [Disk FileSystemProvider]: close() - disposing lock for handle 98
[2022-09-27 19:19:28.988] [main] [trace] [Disk FileSystemProvider]: createResourceLock() - resource lock dispose() (/root/reactive/andariegos/andariegos/~/.config/Code/logs/20220927T191925/output_1_20220927T191928/extensions.log)
[2022-09-27 19:19:28.988] [main] [trace] [Disk FileSystemProvider]: createResourceLock() - resource lock removed from resource-lock map (/root/reactive/andariegos/andariegos/~/.config/Code/logs/20220927T191925/output_1_20220927T191928/extensions.log)
[2022-09-27 19:19:28.988] [main] [trace] [Disk FileSystemProvider]: createResourceLock() - resource lock barrier open() (/root/reactive/andariegos/andariegos/~/.config/Code/logs/20220927T191925/output_1_20220927T191928/extensions.log)
[2022-09-27 19:19:28.989] [main] [trace] [Disk FileSystemProvider]: close() - resource lock removed from handle-lock map 96
[2022-09-27 19:19:28.989] [main] [trace] [Disk FileSystemProvider]: close() - disposing lock for handle 96
[2022-09-27 19:19:28.989] [main] [trace] [Disk FileSystemProvider]: createResourceLock() - resource lock dispose() (/root/reactive/andariegos/andariegos/~/.config/Code/logs/20220927T191925/output_1_20220927T191928/tasks.log)
[2022-09-27 19:19:28.989] [main] [trace] [Disk FileSystemProvider]: createResourceLock() - resource lock removed from resource-lock map (/root/reactive/andariegos/andariegos/~/.config/Code/logs/20220927T191925/output_1_20220927T191928/tasks.log)
[2022-09-27 19:19:28.989] [main] [trace] [Disk FileSystemProvider]: createResourceLock() - resource lock barrier open() (/root/reactive/andariegos/andariegos/~/.config/Code/logs/20220927T191925/output_1_20220927T191928/tasks.log)
[2022-09-27 19:19:29.335] [main] [trace] SharedProcess: on vscode:createSharedProcessMessageChannel
[2022-09-27 19:19:29.335] [main] [trace] IPC Object URL: Registered new channel vscode:c0aad8c5-56ff-43b2-b7e1-ae6a55c47f16.
[2022-09-27 19:19:29.526] [main] [trace] resolveShellEnv(): skipped (VSCODE_CLI is set)
[2022-09-27 19:19:29.688] [main] [trace] SharedProcess: IPC ready
[2022-09-27 19:19:29.704] [main] [trace] Main->SharedProcess#connect: connection established
[2022-09-27 19:19:29.712] [main] [trace] [Disk FileSystemProvider]: atomic read operation started (/root/reactive/andariegos/andariegos/~/.config/Code/User/settings.json)
[2022-09-27 19:19:29.712] [main] [trace] [Disk FileSystemProvider]: createResourceLock() - request to acquire resource lock (/root/reactive/andariegos/andariegos/~/.config/Code/User/settings.json)
[2022-09-27 19:19:29.713] [main] [trace] [Disk FileSystemProvider]: createResourceLock() - new resource lock created (/root/reactive/andariegos/andariegos/~/.config/Code/User/settings.json)
[2022-09-27 19:19:29.714] [main] [trace] [File Watcher (node.js)] Request to start watching: /root/reactive/andariegos/andariegos/~/.config/Code/User (excludes: <none>, includes: <all>),/root/reactive/andariegos/andariegos/~/.config/Code/User/settings.json (excludes: <none>, includes: <all>)
[2022-09-27 19:19:29.714] [main] [trace] [Disk FileSystemProvider]: createResourceLock() - resource lock dispose() (/root/reactive/andariegos/andariegos/~/.config/Code/User/settings.json)
[2022-09-27 19:19:29.714] [main] [trace] [Disk FileSystemProvider]: createResourceLock() - resource lock removed from resource-lock map (/root/reactive/andariegos/andariegos/~/.config/Code/User/settings.json)
[2022-09-27 19:19:29.714] [main] [trace] [Disk FileSystemProvider]: createResourceLock() - resource lock barrier open() (/root/reactive/andariegos/andariegos/~/.config/Code/User/settings.json)
[2022-09-27 19:19:29.716] [main] [trace] [File Watcher (node.js)] Started watching: '/root/reactive/andariegos/andariegos/~/.config/Code/User'
[2022-09-27 19:19:29.716] [main] [trace] [File Watcher (node.js)] Error: ENOENT: no such file or directory, stat '/root/reactive/andariegos/andariegos/~/.config/Code/User/settings.json'
[2022-09-27 19:19:29.751] [main] [trace] SharedProcess: Overall ready
[2022-09-27 19:19:30.139] [main] [trace] SharedProcess: onWorkerConnection {"process":{"moduleId":"vs/platform/files/node/watcher/watcherMain","type":"fileWatcher"},"reply":{"windowId":1,"channel":"vscode:createSharedProcessWorkerMessageChannelResult","nonce":"7d6f8981-12f7-4184-9cc7-a4043ad45ada"}}
[2022-09-27 19:19:32.321] [main] [trace] [Disk FileSystemProvider]: atomic read operation started (/root/reactive/andariegos/andariegos/~/.config/Code/User/settings.json)
[2022-09-27 19:19:32.321] [main] [trace] [Disk FileSystemProvider]: createResourceLock() - request to acquire resource lock (/root/reactive/andariegos/andariegos/~/.config/Code/User/settings.json)
[2022-09-27 19:19:32.322] [main] [trace] [Disk FileSystemProvider]: createResourceLock() - new resource lock created (/root/reactive/andariegos/andariegos/~/.config/Code/User/settings.json)
[2022-09-27 19:19:32.323] [main] [trace] [Disk FileSystemProvider]: atomic read operation started (/root/reactive/andariegos/andariegos/~/.config/Code/User/tasks.json)
[2022-09-27 19:19:32.323] [main] [trace] [Disk FileSystemProvider]: createResourceLock() - request to acquire resource lock (/root/reactive/andariegos/andariegos/~/.config/Code/User/tasks.json)
[2022-09-27 19:19:32.323] [main] [trace] [Disk FileSystemProvider]: createResourceLock() - new resource lock created (/root/reactive/andariegos/andariegos/~/.config/Code/User/tasks.json)
[2022-09-27 19:19:32.327] [main] [trace] [Disk FileSystemProvider]: createResourceLock() - resource lock dispose() (/root/reactive/andariegos/andariegos/~/.config/Code/User/settings.json)
[2022-09-27 19:19:32.327] [main] [trace] [Disk FileSystemProvider]: createResourceLock() - resource lock removed from resource-lock map (/root/reactive/andariegos/andariegos/~/.config/Code/User/settings.json)
[2022-09-27 19:19:32.327] [main] [trace] [Disk FileSystemProvider]: createResourceLock() - resource lock barrier open() (/root/reactive/andariegos/andariegos/~/.config/Code/User/settings.json)
[2022-09-27 19:19:32.328] [main] [trace] [Disk FileSystemProvider]: createResourceLock() - resource lock dispose() (/root/reactive/andariegos/andariegos/~/.config/Code/User/tasks.json)
[2022-09-27 19:19:32.329] [main] [trace] [Disk FileSystemProvider]: createResourceLock() - resource lock removed from resource-lock map (/root/reactive/andariegos/andariegos/~/.config/Code/User/tasks.json)
[2022-09-27 19:19:32.329] [main] [trace] [Disk FileSystemProvider]: createResourceLock() - resource lock barrier open() (/root/reactive/andariegos/andariegos/~/.config/Code/User/tasks.json)
[2022-09-27 19:19:56.487] [main] [trace] update#checkForUpdates, state =  idle
[2022-09-27 19:19:56.487] [main] [info] update#setState checking for updates
[2022-09-27 19:19:56.492] [main] [info] update#setState idle
[2022-09-27 19:20:07.857] [main] [trace] Lifecycle#window.on('close') - window ID 1
[2022-09-27 19:20:07.858] [main] [trace] Lifecycle#onBeforeCloseWindow.fire() - window ID 1
[2022-09-27 19:20:07.863] [main] [trace] IPC Object URL: Removed channel vscode:3e9d14ae-9857-4224-84b5-f996d1dc7a9e.
[2022-09-27 19:20:07.864] [main] [trace] Lifecycle#window.on('closed') - window ID 1
[2022-09-27 19:20:07.864] [main] [trace] Lifecycle#onWillShutdown.fire()
[2022-09-27 19:20:07.868] [main] [trace] IPC Object URL: Removed channel vscode:c0aad8c5-56ff-43b2-b7e1-ae6a55c47f16.
[2022-09-27 19:20:07.870] [main] [trace] storageMainService#onWillShutdown()
[2022-09-27 19:20:07.871] [main] [info] Waiting for extension host with pid 18200 to exit.
[2022-09-27 19:20:07.872] [main] [trace] SharedProcess: disposing worker (reason: 'closed') {"process":{"moduleId":"vs/platform/files/node/watcher/watcherMain","type":"fileWatcher"},"reply":{"windowId":1,"channel":"vscode:createSharedProcessWorkerMessageChannelResult","nonce":"7d6f8981-12f7-4184-9cc7-a4043ad45ada"}}
[2022-09-27 19:20:07.889] [main] [trace] [File Watcher (node.js)] Request to stop watching: /root/reactive/andariegos/andariegos/~/.config/Code/User,/root/reactive/andariegos/andariegos/~/.config/Code/User/settings.json
[2022-09-27 19:20:07.889] [main] [trace] [File Watcher (node.js)] stopping file watcher on /root/reactive/andariegos/andariegos/~/.config/Code/User
[2022-09-27 19:20:07.889] [main] [trace] [File Watcher (node.js)] stopping file watcher on /root/reactive/andariegos/andariegos/~/.config/Code/User/settings.json
[2022-09-27 19:20:07.900] [main] [trace] StorageMainService: closed application storage
[2022-09-27 19:20:07.900] [main] [trace] StorageMainService: closed workspace storage (1664324328742)
[2022-09-27 19:20:07.903] [main] [trace] Lifecycle#app.on(window-all-closed)
[2022-09-27 19:20:07.904] [main] [trace] Lifecycle#app.on(before-quit)
[2022-09-27 19:20:07.905] [main] [trace] Lifecycle#onBeforeShutdown.fire()
[2022-09-27 19:20:07.906] [main] [trace] [WindowsStateHandler] onBeforeShutdown {"lastActiveWindow":{"backupPath":"/root/reactive/andariegos/andariegos/~/.config/Code/Backups/1664324328742","uiState":{"mode":1,"x":171,"y":64,"width":1024,"height":654}},"openedWindows":[]}
[2022-09-27 19:20:07.907] [main] [trace] Lifecycle#app.on(will-quit)
[2022-09-27 19:20:07.917] [main] [info] Extension host with pid 18200 exited with code: 0, signal: null.
